<?xml version="1.0" encoding="UTF-8"?>
<!-- Generated by org.testng.reporters.JUnitXMLReporter -->
<testsuite ignored="0" hostname="Ernesto" failures="0" tests="4" name="Auth Tests" time="10.7" errors="0" timestamp="2026-04-17T11:08:36 CST">
  <testcase classname="com.api.tests.auth.AuthTests" name="invalidToken_shouldReturn401" time="5.855"/>
  <testcase classname="com.api.tests.auth.AuthTests" name="noToken_shouldReturn401" time="2.182"/>
  <testcase classname="com.api.tests.auth.AuthTests" name="postWithoutToken_shouldReturn401" time="1.113"/>
  <testcase classname="com.api.tests.auth.AuthTests" name="validToken_shouldReturn200" time="1.346"/>
</testsuite> <!-- Auth Tests -->
