<?xml version="1.0" encoding="UTF-8"?>
<!-- Generated by org.testng.reporters.JUnitXMLReporter -->
<testsuite ignored="0" hostname="Ernesto" failures="0" tests="4" name="Auth Tests" time="10.173" errors="0" timestamp="2026-04-17T11:42:14 CST">
  <testcase classname="com.api.tests.auth.AuthTests" name="invalidToken_shouldReturn401" time="5.801"/>
  <testcase classname="com.api.tests.auth.AuthTests" name="noToken_shouldReturn401" time="2.218"/>
  <testcase classname="com.api.tests.auth.AuthTests" name="postWithoutToken_shouldReturn401" time="1.107"/>
  <testcase classname="com.api.tests.auth.AuthTests" name="validToken_shouldReturn200" time="0.825"/>
</testsuite> <!-- Auth Tests -->
