<?xml version="1.0" encoding="UTF-8"?>
<!-- Generated by org.testng.reporters.JUnitXMLReporter -->
<testsuite ignored="0" hostname="Ernesto" failures="0" tests="6" name="Integration Tests" time="4.806" errors="0" timestamp="2026-04-17T11:42:54 CST">
  <testcase classname="com.api.tests.integration.UserIntegrationTests" name="step1_createUser" time="0.802"/>
  <testcase classname="com.api.tests.integration.UserIntegrationTests" name="step2_getAndValidateCreatedUser" time="0.963"/>
  <testcase classname="com.api.tests.integration.UserIntegrationTests" name="step3_updateUser" time="0.82"/>
  <testcase classname="com.api.tests.integration.UserIntegrationTests" name="step4_confirmUpdate" time="0.779"/>
  <testcase classname="com.api.tests.integration.UserIntegrationTests" name="step5_deleteUser" time="0.782"/>
  <testcase classname="com.api.tests.integration.UserIntegrationTests" name="step6_confirmDeletion" time="0.628"/>
</testsuite> <!-- Integration Tests -->
