<?xml version="1.0" encoding="UTF-8"?>
<!-- Generated by org.testng.reporters.JUnitXMLReporter -->
<testsuite ignored="0" hostname="Ernesto" failures="0" tests="6" name="Integration Tests" time="4.394" errors="0" timestamp="2026-04-17T11:09:16 CST">
  <testcase classname="com.api.tests.integration.UserIntegrationTests" name="step1_createUser" time="0.736"/>
  <testcase classname="com.api.tests.integration.UserIntegrationTests" name="step2_getAndValidateCreatedUser" time="0.799"/>
  <testcase classname="com.api.tests.integration.UserIntegrationTests" name="step3_updateUser" time="0.81"/>
  <testcase classname="com.api.tests.integration.UserIntegrationTests" name="step4_confirmUpdate" time="0.715"/>
  <testcase classname="com.api.tests.integration.UserIntegrationTests" name="step5_deleteUser" time="0.694"/>
  <testcase classname="com.api.tests.integration.UserIntegrationTests" name="step6_confirmDeletion" time="0.594"/>
</testsuite> <!-- Integration Tests -->
