<?xml version="1.0" encoding="UTF-8"?>
<!-- Generated by org.testng.reporters.JUnitXMLReporter -->
<testsuite ignored="0" hostname="Ernesto" failures="0" tests="5" name="Schema Validation Tests" time="10.016" errors="0" timestamp="2026-04-17T11:42:40 CST">
  <testcase classname="com.api.tests.schema.SchemaValidationTests" name="createUser_responseShouldMatchSchema" time="2.52"/>
  <testcase classname="com.api.tests.schema.SchemaValidationTests" name="createUser_shouldContainAllRequiredFields" time="1.549"/>
  <testcase classname="com.api.tests.schema.SchemaValidationTests" name="createUser_shouldHaveCorrectDataTypes" time="1.532"/>
  <testcase classname="com.api.tests.schema.SchemaValidationTests" name="getUser_responseShouldMatchSchema" time="2.042"/>
  <testcase classname="com.api.tests.schema.SchemaValidationTests" name="updateUser_responseShouldMatchSchema" time="2.35"/>
</testsuite> <!-- Schema Validation Tests -->
