<?xml version="1.0" encoding="UTF-8"?>
<!-- Generated by org.testng.reporters.JUnitXMLReporter -->
<testsuite ignored="0" hostname="Ernesto" failures="0" tests="5" name="Schema Validation Tests" time="12.037" errors="0" timestamp="2026-04-17T08:04:30 CST">
  <testcase classname="com.api.tests.schema.SchemaValidationTests" name="createUser_responseShouldMatchSchema" time="2.479"/>
  <testcase classname="com.api.tests.schema.SchemaValidationTests" name="createUser_shouldContainAllRequiredFields" time="1.58"/>
  <testcase classname="com.api.tests.schema.SchemaValidationTests" name="createUser_shouldHaveCorrectDataTypes" time="1.946"/>
  <testcase classname="com.api.tests.schema.SchemaValidationTests" name="getUser_responseShouldMatchSchema" time="3.17"/>
  <testcase classname="com.api.tests.schema.SchemaValidationTests" name="updateUser_responseShouldMatchSchema" time="2.848"/>
</testsuite> <!-- Schema Validation Tests -->
