<?xml version="1.0" encoding="UTF-8"?>
<!-- Generated by org.testng.reporters.JUnitXMLReporter -->
<testsuite ignored="0" hostname="Ernesto" failures="0" tests="9" name="User CRUD Tests" time="17.925" errors="0" timestamp="2026-04-17T11:08:54 CST">
  <testcase classname="com.api.tests.users.UserCrudTests" name="createFemaleUser_shouldReturn201" time="2.055"/>
  <testcase classname="com.api.tests.users.UserCrudTests" name="createUser_withValidData_shouldReturn201" time="2.138"/>
  <testcase classname="com.api.tests.users.UserCrudTests" name="deleteNonExistentUser_shouldReturn404" time="1.339"/>
  <testcase classname="com.api.tests.users.UserCrudTests" name="deleteUser_withValidId_shouldReturn204" time="2.227"/>
  <testcase classname="com.api.tests.users.UserCrudTests" name="getUserById_withNonExistentId_shouldReturn404" time="0.729"/>
  <testcase classname="com.api.tests.users.UserCrudTests" name="getUserById_withValidId_shouldReturn200" time="2.948"/>
  <testcase classname="com.api.tests.users.UserCrudTests" name="getUsers_shouldReturn200WithList" time="0.966"/>
  <testcase classname="com.api.tests.users.UserCrudTests" name="patchUser_shouldReturn200" time="2.412"/>
  <testcase classname="com.api.tests.users.UserCrudTests" name="updateUser_withValidData_shouldReturn200" time="3.064"/>
</testsuite> <!-- User CRUD Tests -->
