<?xml version="1.0" encoding="UTF-8"?>
<!-- Generated by org.testng.reporters.JUnitXMLReporter -->
<testsuite ignored="0" hostname="Ernesto" failures="0" tests="9" name="User CRUD Tests" time="15.787" errors="0" timestamp="2026-04-17T11:42:30 CST">
  <testcase classname="com.api.tests.users.UserCrudTests" name="createFemaleUser_shouldReturn201" time="2.08"/>
  <testcase classname="com.api.tests.users.UserCrudTests" name="createUser_withValidData_shouldReturn201" time="2.128"/>
  <testcase classname="com.api.tests.users.UserCrudTests" name="deleteNonExistentUser_shouldReturn404" time="1.223"/>
  <testcase classname="com.api.tests.users.UserCrudTests" name="deleteUser_withValidId_shouldReturn204" time="1.732"/>
  <testcase classname="com.api.tests.users.UserCrudTests" name="getUserById_withNonExistentId_shouldReturn404" time="0.72"/>
  <testcase classname="com.api.tests.users.UserCrudTests" name="getUserById_withValidId_shouldReturn200" time="2.1"/>
  <testcase classname="com.api.tests.users.UserCrudTests" name="getUsers_shouldReturn200WithList" time="0.755"/>
  <testcase classname="com.api.tests.users.UserCrudTests" name="patchUser_shouldReturn200" time="2.251"/>
  <testcase classname="com.api.tests.users.UserCrudTests" name="updateUser_withValidData_shouldReturn200" time="2.767"/>
</testsuite> <!-- User CRUD Tests -->
