<?xml version="1.0" encoding="UTF-8"?>
<testsuite xmlns:xsi="http://www.w3.org/2001/XMLSchema-instance" xsi:noNamespaceSchemaLocation="https://maven.apache.org/surefire/maven-surefire-plugin/xsd/surefire-test-report-3.0.xsd" version="3.0" name="TestSuite" time="53.048" tests="32" errors="0" skipped="0" failures="0">
  <properties>
[...]
</properties>
  <testcase name="invalidToken_shouldReturn401" classname="com.api.tests.auth.AuthTests" time="5.927">
    <system-out><![CDATA[====================================
  GoRest API Test Suite - Iniciando
====================================
Request method:	GET
Request URI:	https://gorest.co.in/public/v2/users
Proxy:			<none>
Request params:	<none>
Query params:	<none>
Form params:	<none>
Path params:	<none>
Headers:		Authorization=Bearer this_is_an_invalid_token_12345
				Accept=*/*
				Content-Type=application/json
Cookies:		<none>
Multiparts:		<none>
Body:			<none>
HTTP/1.1 401 Unauthorized
Date: Fri, 17 Apr 2026 17:42:02 GMT
Content-Type: application/json; charset=utf-8
Content-Length: 27
Connection: keep-alive
Cache-Control: no-cache
feature-policy: camera 'none'; gyroscope 'none'; microphone 'none'; usb 'none'; fullscreen 'self'
referrer-policy: strict-origin-when-cross-origin
vary: Origin
x-content-type-options: nosniff
x-download-options: noopen
x-frame-options: SAMEORIGIN
x-permitted-cross-domain-policies: none
x-request-id: 9d9620c6-d1e6-4602-bfb6-7a14fc071103
x-runtime: 0.018318
x-xss-protection: 0
Nel: {"report_to":"cf-nel","success_fraction":0.0,"max_age":604800}
cf-cache-status: DYNAMIC
Report-To: {"group":"cf-nel","max_age":604800,"endpoints":[{"url":"https://a.nel.cloudflare.com/report/v4?s=UCCS6shp3BLBF%2BvAj0wqrB49MMCTrbldxe7tCM7Hl5seWmx93zg%2F3qLfH3hdP4SSUScW3MQbMjBVvW7GT%2BbFT%2BX7FcLQ1eNs1weeX2xxW2rwvGVYGkmWvCL%2Bka6TZ6A%3D"}]}
Server: cloudflare
CF-RAY: 9edd39535e92c86f-DFW
alt-svc: h3=":443"; ma=86400

{
    "message": "Invalid token"
}
]]></system-out>
    <system-err><![CDATA[SLF4J: Failed to load class "org.slf4j.impl.StaticLoggerBinder".
SLF4J: Defaulting to no-operation (NOP) logger implementation
SLF4J: See http://www.slf4j.org/codes.html#StaticLoggerBinder for further details.
]]></system-err>
  </testcase>
  <testcase name="noToken_shouldReturn401" classname="com.api.tests.auth.AuthTests" time="2.228">
    <system-out><![CDATA[Request method:	POST
Request URI:	https://gorest.co.in/public/v2/users
Proxy:			<none>
Request params:	<none>
Query params:	<none>
Form params:	<none>
Path params:	<none>
Headers:		Accept=*/*
				Content-Type=application/json
Cookies:		<none>
Multiparts:		<none>
Body:
{
    "name": "Tonisha Hermiston",
    "email": "test_41aa3fdd@mailtest.com",
    "gender": "male",
    "status": "active"
}
HTTP/1.1 401 Unauthorized
Date: Fri, 17 Apr 2026 17:42:06 GMT
Content-Type: application/json; charset=utf-8
Content-Length: 35
Connection: keep-alive
Cache-Control: no-cache
feature-policy: camera 'none'; gyroscope 'none'; microphone 'none'; usb 'none'; fullscreen 'self'
referrer-policy: strict-origin-when-cross-origin
vary: Origin
x-content-type-options: nosniff
x-download-options: noopen
x-frame-options: SAMEORIGIN
x-permitted-cross-domain-policies: none
x-request-id: 561b98ed-5d31-442d-893a-949492af2835
x-runtime: 0.009373
x-xss-protection: 0
Nel: {"report_to":"cf-nel","success_fraction":0.0,"max_age":604800}
cf-cache-status: DYNAMIC
Report-To: {"group":"cf-nel","max_age":604800,"endpoints":[{"url":"https://a.nel.cloudflare.com/report/v4?s=lWA9vt7ZkhUPHNRXvPrAIzNca1Z4ZbdsFC05PJ0axJAuH%2B4XH45wqno%2Bilo5k5%2BkRp96flDZG0nLyiHVpIuZuZqNBgyxCfOumLIuFfO8faveOwBHPe3SvCGXQL4Oykk%3D"}]}
Server: cloudflare
CF-RAY: 9edd396b1a9844bc-DFW
alt-svc: h3=":443"; ma=86400

{
    "message": "Authentication failed"
}
]]></system-out>
  </testcase>
  <testcase name="postWithoutToken_shouldReturn401" classname="com.api.tests.auth.AuthTests" time="1.123">
    <system-out><![CDATA[Request method:	POST
Request URI:	https://gorest.co.in/public/v2/users
Proxy:			<none>
Request params:	<none>
Query params:	<none>
Form params:	<none>
Path params:	<none>
Headers:		Accept=*/*
				Content-Type=application/json
Cookies:		<none>
Multiparts:		<none>
Body:
{
    "name": "Test User",
    "email": "test@example.com",
    "gender": "male",
    "status": "active"
}
HTTP/1.1 401 Unauthorized
Date: Fri, 17 Apr 2026 17:42:07 GMT
Content-Type: application/json; charset=utf-8
Content-Length: 35
Connection: keep-alive
Cache-Control: no-cache
feature-policy: camera 'none'; gyroscope 'none'; microphone 'none'; usb 'none'; fullscreen 'self'
referrer-policy: strict-origin-when-cross-origin
vary: Origin
x-content-type-options: nosniff
x-download-options: noopen
x-frame-options: SAMEORIGIN
x-permitted-cross-domain-policies: none
x-request-id: 9e86f989-d028-4471-8342-50dd62b61e09
x-runtime: 0.009737
x-xss-protection: 0
Nel: {"report_to":"cf-nel","success_fraction":0.0,"max_age":604800}
cf-cache-status: DYNAMIC
Report-To: {"group":"cf-nel","max_age":604800,"endpoints":[{"url":"https://a.nel.cloudflare.com/report/v4?s=LnWGLzfQtiG5kjOyy8%2FYOj3CdBrp%2FLrHidF5zQ%2B1d5uCFZI5e%2FjYja%2B5aLVkHWdWxo%2FE7JcZK%2Bzc%2BVNLsac%2BZMXdlJHCd9iglXijgA5ViKHkqYwNPRwFl4j51LmOk0Y%3D"}]}
Server: cloudflare
CF-RAY: 9edd3971ac6df0be-DFW
alt-svc: h3=":443"; ma=86400

{
    "message": "Authentication failed"
}
]]></system-out>
  </testcase>
  <testcase name="validToken_shouldReturn200" classname="com.api.tests.auth.AuthTests" time="0.81">
    <system-out><![CDATA[Request method:	GET
Request URI:	https://gorest.co.in/public/v2/users
Proxy:			<none>
Request params:	<none>
Query params:	<none>
Form params:	<none>
Path params:	<none>
Headers:		Authorization=Bearer 7471d879a4a6bc93dee54c7c21a92554756b101c336de78e60b7e9e74b5e9416
				Accept=*/*
				Content-Type=application/json
Cookies:		<none>
Multiparts:		<none>
Body:			<none>
HTTP/1.1 200 OK
Date: Fri, 17 Apr 2026 17:42:07 GMT
Content-Type: application/json; charset=utf-8
Transfer-Encoding: chunked
Connection: keep-alive
Cache-Control: max-age=0, private, must-revalidate
etag: W/"0a4ced73543ac25da07ce05b58528608"
feature-policy: camera 'none'; gyroscope 'none'; microphone 'none'; usb 'none'; fullscreen 'self'
referrer-policy: strict-origin-when-cross-origin
vary: Origin
x-content-type-options: nosniff
x-download-options: noopen
x-frame-options: SAMEORIGIN
x-links-current: https://gorest.co.in/public/v2/users?page=1
x-links-next: https://gorest.co.in/public/v2/users?page=2
x-links-previous: 
x-pagination-limit: 10
x-pagination-page: 1
x-pagination-pages: 295
x-pagination-total: 2949
x-permitted-cross-domain-policies: none
x-ratelimit-limit: 90
x-ratelimit-remaining: 87
x-ratelimit-reset: 1
x-request-id: 255dcd99-79ad-4ef8-ac9b-03414da6036e
x-runtime: 0.087060
x-xss-protection: 0
Nel: {"report_to":"cf-nel","success_fraction":0.0,"max_age":604800}
cf-cache-status: DYNAMIC
Report-To: {"group":"cf-nel","max_age":604800,"endpoints":[{"url":"https://a.nel.cloudflare.com/report/v4?s=PNZiaQxL%2BGrL%2FcVJJQrn%2FGa9FMxbYSWEJKQh6ZDxo5K9xYc8cmMvd0Ypc70G%2FtWMTVovXUOx86%2BphYYMwJZ76NMSK1YPct8mrlsmZnHUB7X43xh1AsBXu47%2FornIifE%3D"}]}
Content-Encoding: gzip
Server: cloudflare
CF-RAY: 9edd39799a59aee6-DFW
alt-svc: h3=":443"; ma=86400

[
    {
        "id": 8439263,
        "name": "Shivakari Menon",
        "email": "shivakari_menon@yost.example",
        "gender": "female",
        "status": "active"
    },
    {
        "id": 8439262,
        "name": "Shobhana Kapoor",
        "email": "kapoor_shobhana@turcotte.test",
        "gender": "female",
        "status": "active"
    },
    {
        "id": 8439261,
        "name": "Baalagopaal Varma",
        "email": "baalagopaal_varma@braun.example",
        "gender": "female",
        "status": "inactive"
    },
    {
        "id": 8439260,
        "name": "Trilokanath Singh",
        "email": "trilokanath_singh@hand-haley.test",
        "gender": "male",
        "status": "active"
    },
    {
        "id": 8439259,
        "name": "Devak Nayar",
        "email": "devak_nayar@kunde.example",
        "gender": "female",
        "status": "inactive"
    },
    {
        "id": 8439258,
        "name": "Mr. Ambar Panicker",
        "email": "mr_panicker_ambar@renner.example",
        "gender": "female",
        "status": "active"
    },
    {
        "id": 8439257,
        "name": "Dharmaketu Nayar CPA",
        "email": "cpa_nayar_dharmaketu@steuber.example",
        "gender": "female",
        "status": "active"
    },
    {
        "id": 8439256,
        "name": "Bhushan Iyer",
        "email": "bhushan_iyer@boyle.test",
        "gender": "male",
        "status": "inactive"
    },
    {
        "id": 8439255,
        "name": "Msgr. Bhushit Gowda",
        "email": "bhushit_msgr_gowda@carroll-ziemann.test",
        "gender": "male",
        "status": "inactive"
    },
    {
        "id": 8439254,
        "name": "Bhargava Johar",
        "email": "bhargava_johar@howell.test",
        "gender": "female",
        "status": "active"
    }
]
]]></system-out>
  </testcase>
  <testcase name="createFemaleUser_shouldReturn201" classname="com.api.tests.users.UserCrudTests" time="2.087">
    <system-out><![CDATA[Request method:	POST
Request URI:	https://gorest.co.in/public/v2/users
Proxy:			<none>
Request params:	<none>
Query params:	<none>
Form params:	<none>
Path params:	<none>
Headers:		Authorization=Bearer 7471d879a4a6bc93dee54c7c21a92554756b101c336de78e60b7e9e74b5e9416
				Accept=*/*
				Content-Type=application/json
Cookies:		<none>
Multiparts:		<none>
Body:
{
    "name": "Marvis Heller",
    "email": "test_11a199ca@mailtest.com",
    "gender": "female",
    "status": "active"
}
HTTP/1.1 201 Created
Date: Fri, 17 Apr 2026 17:42:09 GMT
Content-Type: application/json; charset=utf-8
Content-Length: 110
Connection: keep-alive
Cache-Control: max-age=0, private, must-revalidate
etag: W/"43081f7760725c36d202b3fb02134b0c"
feature-policy: camera 'none'; gyroscope 'none'; microphone 'none'; usb 'none'; fullscreen 'self'
location: https://gorest.co.in/public/v2/users/8440937
referrer-policy: strict-origin-when-cross-origin
vary: Origin
x-content-type-options: nosniff
x-download-options: noopen
x-frame-options: SAMEORIGIN
x-permitted-cross-domain-policies: none
x-ratelimit-limit: 90
x-ratelimit-remaining: 89
x-ratelimit-reset: 1
x-request-id: d4471411-4391-4fbf-af6b-e8fc2abead1d
x-runtime: 0.095988
x-xss-protection: 0
Nel: {"report_to":"cf-nel","success_fraction":0.0,"max_age":604800}
cf-cache-status: DYNAMIC
Report-To: {"group":"cf-nel","max_age":604800,"endpoints":[{"url":"https://a.nel.cloudflare.com/report/v4?s=IAAJq6%2BfxeRSpaZj22Ppp6b9mk9gNcKVwWB5zxILwQWfPp5E88Suo6AxJG7%2FM37HQWZuXTxqpj34gCKpHrw5hzWJ1o4KDFeZyf6%2BKZK509kBdJtDj3CdivcV8ci1Ovk%3D"}]}
Server: cloudflare
CF-RAY: 9edd397ea9971d1e-DFW
alt-svc: h3=":443"; ma=86400

{
    "id": 8440937,
    "name": "Marvis Heller",
    "email": "test_11a199ca@mailtest.com",
    "gender": "female",
    "status": "active"
}
Request method:	DELETE
Request URI:	https://gorest.co.in/public/v2/users/8440937
Proxy:			<none>
Request params:	<none>
Query params:	<none>
Form params:	<none>
Path params:	id=8440937
Headers:		Authorization=Bearer 7471d879a4a6bc93dee54c7c21a92554756b101c336de78e60b7e9e74b5e9416
				Accept=*/*
				Content-Type=application/json
Cookies:		<none>
Multiparts:		<none>
Body:			<none>
HTTP/1.1 204 No Content
Date: Fri, 17 Apr 2026 17:42:10 GMT
Connection: keep-alive
Cache-Control: no-cache
feature-policy: camera 'none'; gyroscope 'none'; microphone 'none'; usb 'none'; fullscreen 'self'
referrer-policy: strict-origin-when-cross-origin
vary: Origin
x-content-type-options: nosniff
x-download-options: noopen
x-frame-options: SAMEORIGIN
x-permitted-cross-domain-policies: none
x-ratelimit-limit: 90
x-ratelimit-remaining: 89
x-ratelimit-reset: 1
x-request-id: 3f88089e-819f-4f90-85a0-d557e133266e
x-runtime: 0.113600
x-xss-protection: 0
cf-cache-status: DYNAMIC
Nel: {"report_to":"cf-nel","success_fraction":0.0,"max_age":604800}
Report-To: {"group":"cf-nel","max_age":604800,"endpoints":[{"url":"https://a.nel.cloudflare.com/report/v4?s=rQ6HQrjc8%2F3kxEuQABHcxs8gAlBxMGiu%2BNsZI8kmjpiTQdattjNI4qL4ALUzuymG1%2FwcfWoJhfSrmuYsjlzOyhFWlHu930HN%2FrbdBr5i1k%2Fk2Tq%2BvBz8c3Z5YSNT%2F%2BQ%3D"}]}
Server: cloudflare
CF-RAY: 9edd3986ab7a7a0e-DFW
alt-svc: h3=":443"; ma=86400
]]></system-out>
  </testcase>
  <testcase name="createUser_withValidData_shouldReturn201" classname="com.api.tests.users.UserCrudTests" time="2.144">
    <system-out><![CDATA[Request method:	POST
Request URI:	https://gorest.co.in/public/v2/users
Proxy:			<none>
Request params:	<none>
Query params:	<none>
Form params:	<none>
Path params:	<none>
Headers:		Authorization=Bearer 7471d879a4a6bc93dee54c7c21a92554756b101c336de78e60b7e9e74b5e9416
				Accept=*/*
				Content-Type=application/json
Cookies:		<none>
Multiparts:		<none>
Body:
{
    "name": "Josue Goldner V",
    "email": "test_863d9c3f@mailtest.com",
    "gender": "male",
    "status": "active"
}
HTTP/1.1 201 Created
Date: Fri, 17 Apr 2026 17:42:11 GMT
Content-Type: application/json; charset=utf-8
Content-Length: 110
Connection: keep-alive
Cache-Control: max-age=0, private, must-revalidate
etag: W/"5b48e08430dbca4fd23c830895e5b2b6"
feature-policy: camera 'none'; gyroscope 'none'; microphone 'none'; usb 'none'; fullscreen 'self'
location: https://gorest.co.in/public/v2/users/8440938
referrer-policy: strict-origin-when-cross-origin
vary: Origin
x-content-type-options: nosniff
x-download-options: noopen
x-frame-options: SAMEORIGIN
x-permitted-cross-domain-policies: none
x-ratelimit-limit: 90
x-ratelimit-remaining: 89
x-ratelimit-reset: 1
x-request-id: 52b1b545-2a41-4d18-9fd3-b5fdc088343c
x-runtime: 0.090151
x-xss-protection: 0
Nel: {"report_to":"cf-nel","success_fraction":0.0,"max_age":604800}
cf-cache-status: DYNAMIC
Report-To: {"group":"cf-nel","max_age":604800,"endpoints":[{"url":"https://a.nel.cloudflare.com/report/v4?s=H8DqqKA5oHDWBJuICeJ1WAweLL9Yom%2BTnOmuHkPMFhk9ZGfSiw%2Fh%2Fg2UjzcLwCLkr%2FFKJ0n6NCLpNRY39WE6%2Fv9UbydCWL8dn44g96T1AtN8odU8iwZJUDnaq8kjSzg%3D"}]}
Server: cloudflare
CF-RAY: 9edd398c2fff66d7-DFW
alt-svc: h3=":443"; ma=86400

{
    "id": 8440938,
    "name": "Josue Goldner V",
    "email": "test_863d9c3f@mailtest.com",
    "gender": "male",
    "status": "active"
}
Request method:	DELETE
Request URI:	https://gorest.co.in/public/v2/users/8440938
Proxy:			<none>
Request params:	<none>
Query params:	<none>
Form params:	<none>
Path params:	id=8440938
Headers:		Authorization=Bearer 7471d879a4a6bc93dee54c7c21a92554756b101c336de78e60b7e9e74b5e9416
				Accept=*/*
				Content-Type=application/json
Cookies:		<none>
Multiparts:		<none>
Body:			<none>
HTTP/1.1 204 No Content
Date: Fri, 17 Apr 2026 17:42:12 GMT
Connection: keep-alive
Cache-Control: no-cache
feature-policy: camera 'none'; gyroscope 'none'; microphone 'none'; usb 'none'; fullscreen 'self'
referrer-policy: strict-origin-when-cross-origin
vary: Origin
x-content-type-options: nosniff
x-download-options: noopen
x-frame-options: SAMEORIGIN
x-permitted-cross-domain-policies: none
x-ratelimit-limit: 90
x-ratelimit-remaining: 89
x-ratelimit-reset: 1
x-request-id: 2c7695f2-881c-4ac6-8a08-d497da537903
x-runtime: 0.109680
x-xss-protection: 0
cf-cache-status: DYNAMIC
Nel: {"report_to":"cf-nel","success_fraction":0.0,"max_age":604800}
Report-To: {"group":"cf-nel","max_age":604800,"endpoints":[{"url":"https://a.nel.cloudflare.com/report/v4?s=SI9aQkjfx6NX%2FcwRnogGQ5l%2FuFcNiJ3EOMeJPDhrAEWxLLjS54Mennxx9cZkyIg1gDqeK83bXjuYJeogKobsGAm%2FqWFFDofTne6%2Bn%2F1MO%2B1ZnEsL8yWWehP9BFyl668%3D"}]}
Server: cloudflare
CF-RAY: 9edd39946f6127e0-DFW
alt-svc: h3=":443"; ma=86400
]]></system-out>
  </testcase>
  <testcase name="deleteNonExistentUser_shouldReturn404" classname="com.api.tests.users.UserCrudTests" time="1.218">
    <system-out><![CDATA[Request method:	DELETE
Request URI:	https://gorest.co.in/public/v2/users/9999999999
Proxy:			<none>
Request params:	<none>
Query params:	<none>
Form params:	<none>
Path params:	id=9999999999
Headers:		Authorization=Bearer 7471d879a4a6bc93dee54c7c21a92554756b101c336de78e60b7e9e74b5e9416
				Accept=*/*
				Content-Type=application/json
Cookies:		<none>
Multiparts:		<none>
Body:			<none>
HTTP/1.1 404 Not Found
Date: Fri, 17 Apr 2026 17:42:13 GMT
Content-Type: application/json; charset=utf-8
Content-Length: 32
Connection: keep-alive
Cache-Control: no-cache
feature-policy: camera 'none'; gyroscope 'none'; microphone 'none'; usb 'none'; fullscreen 'self'
referrer-policy: strict-origin-when-cross-origin
vary: Origin
x-content-type-options: nosniff
x-download-options: noopen
x-frame-options: SAMEORIGIN
x-permitted-cross-domain-policies: none
x-ratelimit-limit: 90
x-ratelimit-remaining: 89
x-ratelimit-reset: 1
x-request-id: 49b55385-33ba-4e9d-a879-e084af4e2fab
x-runtime: 0.050037
x-xss-protection: 0
Nel: {"report_to":"cf-nel","success_fraction":0.0,"max_age":604800}
cf-cache-status: DYNAMIC
Report-To: {"group":"cf-nel","max_age":604800,"endpoints":[{"url":"https://a.nel.cloudflare.com/report/v4?s=765XaHLNX%2Bg9cyiQWe0ZRJ09%2FUf5sP9rP2qCfvbcCFjKVzVMflmXgK6xEmjBKVkAsoQhguc2eP8QvwLUOozdKm9dL3BatcT%2F%2Bxv22%2FktR7AnMb4HWGBfhyOSl7C7xfI%3D"}]}
Server: cloudflare
CF-RAY: 9edd39993ed6e68e-DFW
alt-svc: h3=":443"; ma=86400

{
    "message": "Resource not found"
}
]]></system-out>
  </testcase>
  <testcase name="deleteUser_withValidId_shouldReturn204" classname="com.api.tests.users.UserCrudTests" time="1.735">
    <system-out><![CDATA[Request method:	POST
Request URI:	https://gorest.co.in/public/v2/users
Proxy:			<none>
Request params:	<none>
Query params:	<none>
Form params:	<none>
Path params:	<none>
Headers:		Authorization=Bearer 7471d879a4a6bc93dee54c7c21a92554756b101c336de78e60b7e9e74b5e9416
				Accept=*/*
				Content-Type=application/json
Cookies:		<none>
Multiparts:		<none>
Body:
{
    "name": "Vina Pfeffer",
    "email": "test_6900b172@mailtest.com",
    "gender": "male",
    "status": "active"
}
HTTP/1.1 201 Created
Date: Fri, 17 Apr 2026 17:42:14 GMT
Content-Type: application/json; charset=utf-8
Content-Length: 107
Connection: keep-alive
Cache-Control: max-age=0, private, must-revalidate
etag: W/"d61699f50f564243f406ea346edcde86"
feature-policy: camera 'none'; gyroscope 'none'; microphone 'none'; usb 'none'; fullscreen 'self'
location: https://gorest.co.in/public/v2/users/8440939
referrer-policy: strict-origin-when-cross-origin
vary: Origin
x-content-type-options: nosniff
x-download-options: noopen
x-frame-options: SAMEORIGIN
x-permitted-cross-domain-policies: none
x-ratelimit-limit: 90
x-ratelimit-remaining: 89
x-ratelimit-reset: 1
x-request-id: 12f890da-d3d9-45f7-88dc-f405b75a1634
x-runtime: 0.089089
x-xss-protection: 0
Nel: {"report_to":"cf-nel","success_fraction":0.0,"max_age":604800}
cf-cache-status: DYNAMIC
Report-To: {"group":"cf-nel","max_age":604800,"endpoints":[{"url":"https://a.nel.cloudflare.com/report/v4?s=gGKI4EKv8GRSMcYHSgrIE5QcQViQzrVDksjq7CG0r35rYHJk8YD2P%2Begm8XonnWkrQXJ5apnTXyaoas%2FZK7FmjvW1suNjxse2N98M4nKSTnRSdERkM8dZh0A13beygc%3D"}]}
Server: cloudflare
CF-RAY: 9edd39a13a1728d3-DFW
alt-svc: h3=":443"; ma=86400

{
    "id": 8440939,
    "name": "Vina Pfeffer",
    "email": "test_6900b172@mailtest.com",
    "gender": "male",
    "status": "active"
}
Request method:	DELETE
Request URI:	https://gorest.co.in/public/v2/users/8440939
Proxy:			<none>
Request params:	<none>
Query params:	<none>
Form params:	<none>
Path params:	id=8440939
Headers:		Authorization=Bearer 7471d879a4a6bc93dee54c7c21a92554756b101c336de78e60b7e9e74b5e9416
				Accept=*/*
				Content-Type=application/json
Cookies:		<none>
Multiparts:		<none>
Body:			<none>
HTTP/1.1 204 No Content
Date: Fri, 17 Apr 2026 17:42:15 GMT
Connection: keep-alive
Cache-Control: no-cache
feature-policy: camera 'none'; gyroscope 'none'; microphone 'none'; usb 'none'; fullscreen 'self'
referrer-policy: strict-origin-when-cross-origin
vary: Origin
x-content-type-options: nosniff
x-download-options: noopen
x-frame-options: SAMEORIGIN
x-permitted-cross-domain-policies: none
x-ratelimit-limit: 90
x-ratelimit-remaining: 89
x-ratelimit-reset: 1
x-request-id: 58f234ee-07f1-45d1-8236-463bff47d893
x-runtime: 0.107256
x-xss-protection: 0
cf-cache-status: DYNAMIC
Nel: {"report_to":"cf-nel","success_fraction":0.0,"max_age":604800}
Report-To: {"group":"cf-nel","max_age":604800,"endpoints":[{"url":"https://a.nel.cloudflare.com/report/v4?s=rt5ONYRpxG9SGOOIGkoSfotHBRahncJS8XMYXLomb58JpqdfXEQJaVpJf%2FesONyyrNa7BDS66C92f5BQGB2AuGAh10W2Z%2FgtsXN1jGMpwFM%2F8s2JKE6JC2q6xFLeYko%3D"}]}
Server: cloudflare
CF-RAY: 9edd39a6fc08c871-DFW
alt-svc: h3=":443"; ma=86400
]]></system-out>
  </testcase>
  <testcase name="getUserById_withNonExistentId_shouldReturn404" classname="com.api.tests.users.UserCrudTests" time="0.72">
    <system-out><![CDATA[Request method:	GET
Request URI:	https://gorest.co.in/public/v2/users/9999999999
Proxy:			<none>
Request params:	<none>
Query params:	<none>
Form params:	<none>
Path params:	id=9999999999
Headers:		Authorization=Bearer 7471d879a4a6bc93dee54c7c21a92554756b101c336de78e60b7e9e74b5e9416
				Accept=*/*
				Content-Type=application/json
Cookies:		<none>
Multiparts:		<none>
Body:			<none>
HTTP/1.1 404 Not Found
Date: Fri, 17 Apr 2026 17:42:15 GMT
Content-Type: application/json; charset=utf-8
Content-Length: 32
Connection: keep-alive
Cache-Control: no-cache
feature-policy: camera 'none'; gyroscope 'none'; microphone 'none'; usb 'none'; fullscreen 'self'
referrer-policy: strict-origin-when-cross-origin
vary: Origin
x-content-type-options: nosniff
x-download-options: noopen
x-frame-options: SAMEORIGIN
x-permitted-cross-domain-policies: none
x-ratelimit-limit: 90
x-ratelimit-remaining: 89
x-ratelimit-reset: 1
x-request-id: 42f3f061-079c-40d9-bdab-88fe80b55149
x-runtime: 0.054529
x-xss-protection: 0
Nel: {"report_to":"cf-nel","success_fraction":0.0,"max_age":604800}
cf-cache-status: DYNAMIC
Report-To: {"group":"cf-nel","max_age":604800,"endpoints":[{"url":"https://a.nel.cloudflare.com/report/v4?s=SSvgsirxgTUyNZqE1bmLE10O17sYJr1AmX8Rvw6BiXXq8FIs6iB2TbpXd13Vex4j5ADcjlW4crSQWv%2BdIvLX8X4aAP3O5b7ONGW198twRQ6dhCpyNBnJdlQzF7me0L0%3D"}]}
Server: cloudflare
CF-RAY: 9edd39ab48306a82-DFW
alt-svc: h3=":443"; ma=86400

{
    "message": "Resource not found"
}
]]></system-out>
  </testcase>
  <testcase name="getUserById_withValidId_shouldReturn200" classname="com.api.tests.users.UserCrudTests" time="2.105">
    <system-out><![CDATA[Request method:	POST
Request URI:	https://gorest.co.in/public/v2/users
Proxy:			<none>
Request params:	<none>
Query params:	<none>
Form params:	<none>
Path params:	<none>
Headers:		Authorization=Bearer 7471d879a4a6bc93dee54c7c21a92554756b101c336de78e60b7e9e74b5e9416
				Accept=*/*
				Content-Type=application/json
Cookies:		<none>
Multiparts:		<none>
Body:
{
    "name": "Charlesetta Kemmer",
    "email": "test_9af2e9ae@mailtest.com",
    "gender": "male",
    "status": "active"
}
HTTP/1.1 201 Created
Date: Fri, 17 Apr 2026 17:42:16 GMT
Content-Type: application/json; charset=utf-8
Content-Length: 113
Connection: keep-alive
Cache-Control: max-age=0, private, must-revalidate
etag: W/"df310780dd0b13cf3b6655fd6a78239c"
feature-policy: camera 'none'; gyroscope 'none'; microphone 'none'; usb 'none'; fullscreen 'self'
location: https://gorest.co.in/public/v2/users/8440940
referrer-policy: strict-origin-when-cross-origin
vary: Origin
x-content-type-options: nosniff
x-download-options: noopen
x-frame-options: SAMEORIGIN
x-permitted-cross-domain-policies: none
x-ratelimit-limit: 90
x-ratelimit-remaining: 89
x-ratelimit-reset: 1
x-request-id: 28f9f40f-db0d-402c-8887-e88b3ef70826
x-runtime: 0.089174
x-xss-protection: 0
Nel: {"report_to":"cf-nel","success_fraction":0.0,"max_age":604800}
cf-cache-status: DYNAMIC
Report-To: {"group":"cf-nel","max_age":604800,"endpoints":[{"url":"https://a.nel.cloudflare.com/report/v4?s=o8vf1upHXxeBT0ux2SgWOZ4Grf%2F7dDJh7%2BolwgnN0Xl1QOQ4yh4NAvIEoMNtZ%2FiEy%2BCWQRK1gFWSVt0hsfmd8z67%2F6m0A9woGNcXEW9VgnQNacA%2FCc3NWq7l3ofX7t4%3D"}]}
Server: cloudflare
CF-RAY: 9edd39afea6768b9-DFW
alt-svc: h3=":443"; ma=86400

{
    "id": 8440940,
    "name": "Charlesetta Kemmer",
    "email": "test_9af2e9ae@mailtest.com",
    "gender": "male",
    "status": "active"
}
Request method:	GET
Request URI:	https://gorest.co.in/public/v2/users/8440940
Proxy:			<none>
Request params:	<none>
Query params:	<none>
Form params:	<none>
Path params:	id=8440940
Headers:		Authorization=Bearer 7471d879a4a6bc93dee54c7c21a92554756b101c336de78e60b7e9e74b5e9416
				Accept=*/*
				Content-Type=application/json
Cookies:		<none>
Multiparts:		<none>
Body:			<none>
HTTP/1.1 200 OK
Date: Fri, 17 Apr 2026 17:42:17 GMT
Content-Type: application/json; charset=utf-8
Transfer-Encoding: chunked
Connection: keep-alive
Cache-Control: max-age=0, private, must-revalidate
etag: W/"df310780dd0b13cf3b6655fd6a78239c"
feature-policy: camera 'none'; gyroscope 'none'; microphone 'none'; usb 'none'; fullscreen 'self'
referrer-policy: strict-origin-when-cross-origin
vary: Origin
x-content-type-options: nosniff
x-download-options: noopen
x-frame-options: SAMEORIGIN
x-permitted-cross-domain-policies: none
x-ratelimit-limit: 90
x-ratelimit-remaining: 89
x-ratelimit-reset: 1
x-request-id: 7f3286da-9d3d-437c-af08-e68331ad06df
x-runtime: 0.064659
x-xss-protection: 0
Nel: {"report_to":"cf-nel","success_fraction":0.0,"max_age":604800}
cf-cache-status: DYNAMIC
Report-To: {"group":"cf-nel","max_age":604800,"endpoints":[{"url":"https://a.nel.cloudflare.com/report/v4?s=zWcGdBydNoAuDVWp9KhxXvE%2BbUrpg2YFkSeo9k4AP6AyFZXI76vjizybpfk9XxcgAlxkOXMEM5icJ8PBp3CFT3xF%2BIeArlBwY4j06uLvoTOwtNDbR9rehtkbkZ8kdv8%3D"}]}
Content-Encoding: gzip
Server: cloudflare
CF-RAY: 9edd39b469e5d83b-DFW
alt-svc: h3=":443"; ma=86400

{
    "id": 8440940,
    "name": "Charlesetta Kemmer",
    "email": "test_9af2e9ae@mailtest.com",
    "gender": "male",
    "status": "active"
}
Request method:	DELETE
Request URI:	https://gorest.co.in/public/v2/users/8440940
Proxy:			<none>
Request params:	<none>
Query params:	<none>
Form params:	<none>
Path params:	id=8440940
Headers:		Authorization=Bearer 7471d879a4a6bc93dee54c7c21a92554756b101c336de78e60b7e9e74b5e9416
				Accept=*/*
				Content-Type=application/json
Cookies:		<none>
Multiparts:		<none>
Body:			<none>
HTTP/1.1 204 No Content
Date: Fri, 17 Apr 2026 17:42:18 GMT
Connection: keep-alive
Cache-Control: no-cache
feature-policy: camera 'none'; gyroscope 'none'; microphone 'none'; usb 'none'; fullscreen 'self'
referrer-policy: strict-origin-when-cross-origin
vary: Origin
x-content-type-options: nosniff
x-download-options: noopen
x-frame-options: SAMEORIGIN
x-permitted-cross-domain-policies: none
x-ratelimit-limit: 90
x-ratelimit-remaining: 89
x-ratelimit-reset: 1
x-request-id: a28d2cdd-2308-4c8c-ab8c-bac51c98e202
x-runtime: 0.088910
x-xss-protection: 0
cf-cache-status: DYNAMIC
Nel: {"report_to":"cf-nel","success_fraction":0.0,"max_age":604800}
Report-To: {"group":"cf-nel","max_age":604800,"endpoints":[{"url":"https://a.nel.cloudflare.com/report/v4?s=F9ymMwNRYQ%2FLw%2BU%2FV%2BY7%2FzrUyS8HFPZ8hQf%2BauqK24tcI2jqlqNd5Maf1yDr0wU%2FdZJblkEy70jF83AeQNH6fhgWxTOftgh9oOCvmQCB6%2B4VklmAyUmDEe19lJUqG0A%3D"}]}
Server: cloudflare
CF-RAY: 9edd39b8ec32a915-DFW
alt-svc: h3=":443"; ma=86400
]]></system-out>
  </testcase>
  <testcase name="getUsers_shouldReturn200WithList" classname="com.api.tests.users.UserCrudTests" time="0.755">
    <system-out><![CDATA[Request method:	GET
Request URI:	https://gorest.co.in/public/v2/users
Proxy:			<none>
Request params:	<none>
Query params:	<none>
Form params:	<none>
Path params:	<none>
Headers:		Authorization=Bearer 7471d879a4a6bc93dee54c7c21a92554756b101c336de78e60b7e9e74b5e9416
				Accept=*/*
				Content-Type=application/json
Cookies:		<none>
Multiparts:		<none>
Body:			<none>
HTTP/1.1 200 OK
Date: Fri, 17 Apr 2026 17:42:18 GMT
Content-Type: application/json; charset=utf-8
Transfer-Encoding: chunked
Connection: keep-alive
Cache-Control: max-age=0, private, must-revalidate
etag: W/"0a4ced73543ac25da07ce05b58528608"
feature-policy: camera 'none'; gyroscope 'none'; microphone 'none'; usb 'none'; fullscreen 'self'
referrer-policy: strict-origin-when-cross-origin
vary: Origin
x-content-type-options: nosniff
x-download-options: noopen
x-frame-options: SAMEORIGIN
x-links-current: https://gorest.co.in/public/v2/users?page=1
x-links-next: https://gorest.co.in/public/v2/users?page=2
x-links-previous: 
x-pagination-limit: 10
x-pagination-page: 1
x-pagination-pages: 295
x-pagination-total: 2949
x-permitted-cross-domain-policies: none
x-ratelimit-limit: 90
x-ratelimit-remaining: 89
x-ratelimit-reset: 1
x-request-id: 1f09e284-a614-4f5b-a236-94a56172bc98
x-runtime: 0.056466
x-xss-protection: 0
Nel: {"report_to":"cf-nel","success_fraction":0.0,"max_age":604800}
cf-cache-status: DYNAMIC
Report-To: {"group":"cf-nel","max_age":604800,"endpoints":[{"url":"https://a.nel.cloudflare.com/report/v4?s=U42v2IsDQ22CYmVbIzOdT%2F5eiyMN7Q4tQAgJXgpS4DGS03hC2WbeXdYW3%2B7R32KYbqxVC1fj5ln5gYtK2QRF9CWptXqIA6dtL5unpvfqvCmztDvKGH979EooV4%2B6YZ8%3D"}]}
Content-Encoding: gzip
Server: cloudflare
CF-RAY: 9edd39bd6d2a0d03-DFW
alt-svc: h3=":443"; ma=86400

[
    {
        "id": 8439263,
        "name": "Shivakari Menon",
        "email": "shivakari_menon@yost.example",
        "gender": "female",
        "status": "active"
    },
    {
        "id": 8439262,
        "name": "Shobhana Kapoor",
        "email": "kapoor_shobhana@turcotte.test",
        "gender": "female",
        "status": "active"
    },
    {
        "id": 8439261,
        "name": "Baalagopaal Varma",
        "email": "baalagopaal_varma@braun.example",
        "gender": "female",
        "status": "inactive"
    },
    {
        "id": 8439260,
        "name": "Trilokanath Singh",
        "email": "trilokanath_singh@hand-haley.test",
        "gender": "male",
        "status": "active"
    },
    {
        "id": 8439259,
        "name": "Devak Nayar",
        "email": "devak_nayar@kunde.example",
        "gender": "female",
        "status": "inactive"
    },
    {
        "id": 8439258,
        "name": "Mr. Ambar Panicker",
        "email": "mr_panicker_ambar@renner.example",
        "gender": "female",
        "status": "active"
    },
    {
        "id": 8439257,
        "name": "Dharmaketu Nayar CPA",
        "email": "cpa_nayar_dharmaketu@steuber.example",
        "gender": "female",
        "status": "active"
    },
    {
        "id": 8439256,
        "name": "Bhushan Iyer",
        "email": "bhushan_iyer@boyle.test",
        "gender": "male",
        "status": "inactive"
    },
    {
        "id": 8439255,
        "name": "Msgr. Bhushit Gowda",
        "email": "bhushit_msgr_gowda@carroll-ziemann.test",
        "gender": "male",
        "status": "inactive"
    },
    {
        "id": 8439254,
        "name": "Bhargava Johar",
        "email": "bhargava_johar@howell.test",
        "gender": "female",
        "status": "active"
    }
]
]]></system-out>
  </testcase>
  <testcase name="patchUser_shouldReturn200" classname="com.api.tests.users.UserCrudTests" time="2.251">
    <system-out><![CDATA[Request method:	POST
Request URI:	https://gorest.co.in/public/v2/users
Proxy:			<none>
Request params:	<none>
Query params:	<none>
Form params:	<none>
Path params:	<none>
Headers:		Authorization=Bearer 7471d879a4a6bc93dee54c7c21a92554756b101c336de78e60b7e9e74b5e9416
				Accept=*/*
				Content-Type=application/json
Cookies:		<none>
Multiparts:		<none>
Body:
{
    "name": "Normand Koepp",
    "email": "test_9b59023c@mailtest.com",
    "gender": "male",
    "status": "active"
}
HTTP/1.1 201 Created
Date: Fri, 17 Apr 2026 17:42:19 GMT
Content-Type: application/json; charset=utf-8
Content-Length: 108
Connection: keep-alive
Cache-Control: max-age=0, private, must-revalidate
etag: W/"fc078a85088c57bc2e0e3071ea66a7fd"
feature-policy: camera 'none'; gyroscope 'none'; microphone 'none'; usb 'none'; fullscreen 'self'
location: https://gorest.co.in/public/v2/users/8440941
referrer-policy: strict-origin-when-cross-origin
vary: Origin
x-content-type-options: nosniff
x-download-options: noopen
x-frame-options: SAMEORIGIN
x-permitted-cross-domain-policies: none
x-ratelimit-limit: 90
x-ratelimit-remaining: 89
x-ratelimit-reset: 1
x-request-id: 2fc80b43-4ddf-4234-a902-55df90aa06a2
x-runtime: 0.086263
x-xss-protection: 0
Nel: {"report_to":"cf-nel","success_fraction":0.0,"max_age":604800}
cf-cache-status: DYNAMIC
Report-To: {"group":"cf-nel","max_age":604800,"endpoints":[{"url":"https://a.nel.cloudflare.com/report/v4?s=qxvy9uE4bufmOG2f8doLwirhwSqEYUVFAB36CAiXfgbya8UA%2BjfFcs7%2F0DS6%2F0dC5jxllNOySSnHIDzAAeIZra20Wk8LVJgR%2BQaHqf5LA5aInVNE%2FtgKMEfsY7UWQIs%3D"}]}
Server: cloudflare
CF-RAY: 9edd39c29b69686c-DFW
alt-svc: h3=":443"; ma=86400

{
    "id": 8440941,
    "name": "Normand Koepp",
    "email": "test_9b59023c@mailtest.com",
    "gender": "male",
    "status": "active"
}
Request method:	PATCH
Request URI:	https://gorest.co.in/public/v2/users/8440941
Proxy:			<none>
Request params:	<none>
Query params:	<none>
Form params:	<none>
Path params:	id=8440941
Headers:		Authorization=Bearer 7471d879a4a6bc93dee54c7c21a92554756b101c336de78e60b7e9e74b5e9416
				Accept=*/*
				Content-Type=application/json
Cookies:		<none>
Multiparts:		<none>
Body:
{
    "name": "Patched Name"
}
HTTP/1.1 200 OK
Date: Fri, 17 Apr 2026 17:42:20 GMT
Content-Type: application/json; charset=utf-8
Transfer-Encoding: chunked
Connection: keep-alive
Cache-Control: max-age=0, private, must-revalidate
etag: W/"8672413b8f36de28e7bc095efb55aebf"
feature-policy: camera 'none'; gyroscope 'none'; microphone 'none'; usb 'none'; fullscreen 'self'
referrer-policy: strict-origin-when-cross-origin
vary: Origin
x-content-type-options: nosniff
x-download-options: noopen
x-frame-options: SAMEORIGIN
x-permitted-cross-domain-policies: none
x-ratelimit-limit: 90
x-ratelimit-remaining: 89
x-ratelimit-reset: 1
x-request-id: 4531ee1b-61be-4e3e-a2c5-8e30d5a48591
x-runtime: 0.080317
x-xss-protection: 0
Nel: {"report_to":"cf-nel","success_fraction":0.0,"max_age":604800}
cf-cache-status: DYNAMIC
Report-To: {"group":"cf-nel","max_age":604800,"endpoints":[{"url":"https://a.nel.cloudflare.com/report/v4?s=z73P4pm7SlGGD31wE6GdapCcJLPexnXTcVqCKlphqYB22jjk808UavvmnIF6bV0DzsHGSX%2Ffxgl7debxPuP9a%2Ff30eEk5pHE2lNElV9%2FhHnhxcNrPqMQ0P3%2BJ%2BemN7E%3D"}]}
Content-Encoding: gzip
Server: cloudflare
CF-RAY: 9edd39c7987311da-DFW
alt-svc: h3=":443"; ma=86400

{
    "name": "Patched Name",
    "id": 8440941,
    "email": "test_9b59023c@mailtest.com",
    "gender": "male",
    "status": "active"
}
Request method:	DELETE
Request URI:	https://gorest.co.in/public/v2/users/8440941
Proxy:			<none>
Request params:	<none>
Query params:	<none>
Form params:	<none>
Path params:	id=8440941
Headers:		Authorization=Bearer 7471d879a4a6bc93dee54c7c21a92554756b101c336de78e60b7e9e74b5e9416
				Accept=*/*
				Content-Type=application/json
Cookies:		<none>
Multiparts:		<none>
Body:			<none>
HTTP/1.1 204 No Content
Date: Fri, 17 Apr 2026 17:42:21 GMT
Connection: keep-alive
Cache-Control: no-cache
feature-policy: camera 'none'; gyroscope 'none'; microphone 'none'; usb 'none'; fullscreen 'self'
referrer-policy: strict-origin-when-cross-origin
vary: Origin
x-content-type-options: nosniff
x-download-options: noopen
x-frame-options: SAMEORIGIN
x-permitted-cross-domain-policies: none
x-ratelimit-limit: 90
x-ratelimit-remaining: 89
x-ratelimit-reset: 1
x-request-id: 85005ebb-7f9a-48ed-81b1-b4784b040f4f
x-runtime: 0.088865
x-xss-protection: 0
cf-cache-status: DYNAMIC
Nel: {"report_to":"cf-nel","success_fraction":0.0,"max_age":604800}
Report-To: {"group":"cf-nel","max_age":604800,"endpoints":[{"url":"https://a.nel.cloudflare.com/report/v4?s=j0jPdkXfD6awsu7yFcmYeXiVFe5QHzQ2qeBmyCwXO6fwACtyRmh7kirPBZBqFoWzTYiIuuS8pb7wbRiyAG6lRD7hxJKcAo86zB9gvmVLoTJGnM6fQJdI1lelEnSJuH4%3D"}]}
Server: cloudflare
CF-RAY: 9edd39cbcfaac3bc-DFW
alt-svc: h3=":443"; ma=86400
]]></system-out>
  </testcase>
  <testcase name="updateUser_withValidData_shouldReturn200" classname="com.api.tests.users.UserCrudTests" time="2.77">
    <system-out><![CDATA[Request method:	POST
Request URI:	https://gorest.co.in/public/v2/users
Proxy:			<none>
Request params:	<none>
Query params:	<none>
Form params:	<none>
Path params:	<none>
Headers:		Authorization=Bearer 7471d879a4a6bc93dee54c7c21a92554756b101c336de78e60b7e9e74b5e9416
				Accept=*/*
				Content-Type=application/json
Cookies:		<none>
Multiparts:		<none>
Body:
{
    "name": "Mrs. Kali Lindgren",
    "email": "test_37e739f6@mailtest.com",
    "gender": "male",
    "status": "active"
}
HTTP/1.1 201 Created
Date: Fri, 17 Apr 2026 17:42:21 GMT
Content-Type: application/json; charset=utf-8
Content-Length: 113
Connection: keep-alive
Cache-Control: max-age=0, private, must-revalidate
etag: W/"205741ccd7d52b08661fc96598d523c3"
feature-policy: camera 'none'; gyroscope 'none'; microphone 'none'; usb 'none'; fullscreen 'self'
location: https://gorest.co.in/public/v2/users/8440942
referrer-policy: strict-origin-when-cross-origin
vary: Origin
x-content-type-options: nosniff
x-download-options: noopen
x-frame-options: SAMEORIGIN
x-permitted-cross-domain-policies: none
x-ratelimit-limit: 90
x-ratelimit-remaining: 89
x-ratelimit-reset: 2
x-request-id: a0b03622-1a3f-4e13-9814-c8bafb4de078
x-runtime: 0.091826
x-xss-protection: 0
Nel: {"report_to":"cf-nel","success_fraction":0.0,"max_age":604800}
cf-cache-status: DYNAMIC
Report-To: {"group":"cf-nel","max_age":604800,"endpoints":[{"url":"https://a.nel.cloudflare.com/report/v4?s=we%2FfsAkwq4nTLnC8uHYKxJYh5Rx79q26jrQhQe%2FovKTHGmpSNzqwpnI6vkDkUKEtITqCWtoFkG0PnfmehejlanPFGiOUQgWkC1ProPzqu6zcODXTz6pf06eqqbINVOc%3D"}]}
Server: cloudflare
CF-RAY: 9edd39cfe8f52cb8-DFW
alt-svc: h3=":443"; ma=86400

{
    "id": 8440942,
    "name": "Mrs. Kali Lindgren",
    "email": "test_37e739f6@mailtest.com",
    "gender": "male",
    "status": "active"
}
Request method:	PUT
Request URI:	https://gorest.co.in/public/v2/users/8440942
Proxy:			<none>
Request params:	<none>
Query params:	<none>
Form params:	<none>
Path params:	id=8440942
Headers:		Authorization=Bearer 7471d879a4a6bc93dee54c7c21a92554756b101c336de78e60b7e9e74b5e9416
				Accept=*/*
				Content-Type=application/json
Cookies:		<none>
Multiparts:		<none>
Body:
{
    "name": "Updated Daisey",
    "status": "inactive"
}
HTTP/1.1 200 OK
Date: Fri, 17 Apr 2026 17:42:23 GMT
Content-Type: application/json; charset=utf-8
Transfer-Encoding: chunked
Connection: keep-alive
Cache-Control: max-age=0, private, must-revalidate
etag: W/"c5ce868737ba649945ffefc9da9f9b70"
feature-policy: camera 'none'; gyroscope 'none'; microphone 'none'; usb 'none'; fullscreen 'self'
referrer-policy: strict-origin-when-cross-origin
vary: Origin
x-content-type-options: nosniff
x-download-options: noopen
x-frame-options: SAMEORIGIN
x-permitted-cross-domain-policies: none
x-ratelimit-limit: 90
x-ratelimit-remaining: 88
x-ratelimit-reset: 2
x-request-id: 637f7e74-f29d-459e-a019-7a5a8ff44cdd
x-runtime: 0.096751
x-xss-protection: 0
Nel: {"report_to":"cf-nel","success_fraction":0.0,"max_age":604800}
cf-cache-status: DYNAMIC
Report-To: {"group":"cf-nel","max_age":604800,"endpoints":[{"url":"https://a.nel.cloudflare.com/report/v4?s=MQT2BIq6bJfHPpDPRWNOYN4Xe%2BQxHuTYUKGBX%2FAIyHgWW%2BE8YjowRz77E7MKEiWIrtiS4otuwmhrwDSGm5yz5QTJJ9dv7w31Mte3szOI57oNmlsuFyAPVDVsLAvosGY%3D"}]}
Content-Encoding: gzip
Server: cloudflare
CF-RAY: 9edd39d4af316b2a-DFW
alt-svc: h3=":443"; ma=86400

{
    "name": "Updated Daisey",
    "status": "inactive",
    "id": 8440942,
    "email": "test_37e739f6@mailtest.com",
    "gender": "male"
}
Request method:	DELETE
Request URI:	https://gorest.co.in/public/v2/users/8440942
Proxy:			<none>
Request params:	<none>
Query params:	<none>
Form params:	<none>
Path params:	id=8440942
Headers:		Authorization=Bearer 7471d879a4a6bc93dee54c7c21a92554756b101c336de78e60b7e9e74b5e9416
				Accept=*/*
				Content-Type=application/json
Cookies:		<none>
Multiparts:		<none>
Body:			<none>
HTTP/1.1 204 No Content
Date: Fri, 17 Apr 2026 17:42:23 GMT
Connection: keep-alive
Cache-Control: no-cache
feature-policy: camera 'none'; gyroscope 'none'; microphone 'none'; usb 'none'; fullscreen 'self'
referrer-policy: strict-origin-when-cross-origin
vary: Origin
x-content-type-options: nosniff
x-download-options: noopen
x-frame-options: SAMEORIGIN
x-permitted-cross-domain-policies: none
x-ratelimit-limit: 90
x-ratelimit-remaining: 88
x-ratelimit-reset: 2
x-request-id: aca567b1-c749-4c5f-ab95-eb6a5af57e99
x-runtime: 0.097161
x-xss-protection: 0
cf-cache-status: DYNAMIC
Nel: {"report_to":"cf-nel","success_fraction":0.0,"max_age":604800}
Report-To: {"group":"cf-nel","max_age":604800,"endpoints":[{"url":"https://a.nel.cloudflare.com/report/v4?s=q2ftkGb8ihLdOYmzUc6GeKhgFlJN5D3SvYWqahGla1IXu2ed1iiSk77FQLxcNeED%2Fn0idbjKKDmee9wRzgMWNLJeDRHi8GwXORl%2BF3Oeo5zgGoSPPm6BWGH2H744cmA%3D"}]}
Server: cloudflare
CF-RAY: 9edd39dcba81686c-DFW
alt-svc: h3=":443"; ma=86400
]]></system-out>
  </testcase>
  <testcase name="createUser_responseShouldMatchSchema" classname="com.api.tests.schema.SchemaValidationTests" time="2.529">
    <system-out><![CDATA[Request method:	POST
Request URI:	https://gorest.co.in/public/v2/users
Proxy:			<none>
Request params:	<none>
Query params:	<none>
Form params:	<none>
Path params:	<none>
Headers:		Authorization=Bearer 7471d879a4a6bc93dee54c7c21a92554756b101c336de78e60b7e9e74b5e9416
				Accept=*/*
				Content-Type=application/json
Cookies:		<none>
Multiparts:		<none>
Body:
{
    "name": "Daron Johnson",
    "email": "test_53384d42@mailtest.com",
    "gender": "male",
    "status": "active"
}
HTTP/1.1 201 Created
Date: Fri, 17 Apr 2026 17:42:24 GMT
Content-Type: application/json; charset=utf-8
Content-Length: 108
Connection: keep-alive
Cache-Control: max-age=0, private, must-revalidate
etag: W/"d04e07c5b6a421c3ced4c6bfe80bbade"
feature-policy: camera 'none'; gyroscope 'none'; microphone 'none'; usb 'none'; fullscreen 'self'
location: https://gorest.co.in/public/v2/users/8440943
referrer-policy: strict-origin-when-cross-origin
vary: Origin
x-content-type-options: nosniff
x-download-options: noopen
x-frame-options: SAMEORIGIN
x-permitted-cross-domain-policies: none
x-ratelimit-limit: 90
x-ratelimit-remaining: 88
x-ratelimit-reset: 2
x-request-id: 11b099f6-5c79-48b4-8776-ebbff0b4782e
x-runtime: 0.097524
x-xss-protection: 0
Nel: {"report_to":"cf-nel","success_fraction":0.0,"max_age":604800}
cf-cache-status: DYNAMIC
Report-To: {"group":"cf-nel","max_age":604800,"endpoints":[{"url":"https://a.nel.cloudflare.com/report/v4?s=%2BdWgMUYfS9PoKGiNlRvaTVpOqsj59owjlJguKQpJI6wz9jV3PZwYEo1pAQXXRc21Bb7I2S0Zva%2B%2B99CFUXrAdrQTVnVyvjtEervV7mYgeEya0158MfYQ1IJBY%2FqPN7c%3D"}]}
Server: cloudflare
CF-RAY: 9edd39e2785be9ad-DFW
alt-svc: h3=":443"; ma=86400

{
    "id": 8440943,
    "name": "Daron Johnson",
    "email": "test_53384d42@mailtest.com",
    "gender": "male",
    "status": "active"
}
Request method:	DELETE
Request URI:	https://gorest.co.in/public/v2/users/8440943
Proxy:			<none>
Request params:	<none>
Query params:	<none>
Form params:	<none>
Path params:	id=8440943
Headers:		Authorization=Bearer 7471d879a4a6bc93dee54c7c21a92554756b101c336de78e60b7e9e74b5e9416
				Accept=*/*
				Content-Type=application/json
Cookies:		<none>
Multiparts:		<none>
Body:			<none>
HTTP/1.1 204 No Content
Date: Fri, 17 Apr 2026 17:42:26 GMT
Connection: keep-alive
Cache-Control: no-cache
feature-policy: camera 'none'; gyroscope 'none'; microphone 'none'; usb 'none'; fullscreen 'self'
referrer-policy: strict-origin-when-cross-origin
vary: Origin
x-content-type-options: nosniff
x-download-options: noopen
x-frame-options: SAMEORIGIN
x-permitted-cross-domain-policies: none
x-ratelimit-limit: 90
x-ratelimit-remaining: 88
x-ratelimit-reset: 1
x-request-id: 8f663870-ab30-40f4-9629-e8a271bb8c5a
x-runtime: 0.100047
x-xss-protection: 0
cf-cache-status: DYNAMIC
Nel: {"report_to":"cf-nel","success_fraction":0.0,"max_age":604800}
Report-To: {"group":"cf-nel","max_age":604800,"endpoints":[{"url":"https://a.nel.cloudflare.com/report/v4?s=AwBhfKOpt5AP3OdLLH4pFArJAyunZ%2BCf%2FpZW6UR6LE3UyVdbwY8wkH0h0EADJNv0HFs8FxRcoQouf0XLvKtn3Sy5d8GBBTBHoo1RvA1d73c3%2BhCTXw0uaFqUVg7xXWc%3D"}]}
Server: cloudflare
CF-RAY: 9edd39ecbfd27cdd-DFW
alt-svc: h3=":443"; ma=86400
]]></system-out>
  </testcase>
  <testcase name="createUser_shouldContainAllRequiredFields" classname="com.api.tests.schema.SchemaValidationTests" time="1.553">
    <system-out><![CDATA[Request method:	POST
Request URI:	https://gorest.co.in/public/v2/users
Proxy:			<none>
Request params:	<none>
Query params:	<none>
Form params:	<none>
Path params:	<none>
Headers:		Authorization=Bearer 7471d879a4a6bc93dee54c7c21a92554756b101c336de78e60b7e9e74b5e9416
				Accept=*/*
				Content-Type=application/json
Cookies:		<none>
Multiparts:		<none>
Body:
{
    "name": "Leah Schneider",
    "email": "test_06519cbf@mailtest.com",
    "gender": "male",
    "status": "active"
}
HTTP/1.1 201 Created
Date: Fri, 17 Apr 2026 17:42:27 GMT
Content-Type: application/json; charset=utf-8
Content-Length: 109
Connection: keep-alive
Cache-Control: max-age=0, private, must-revalidate
etag: W/"a8b0b776fdecf6cc15b946e05f1c0861"
feature-policy: camera 'none'; gyroscope 'none'; microphone 'none'; usb 'none'; fullscreen 'self'
location: https://gorest.co.in/public/v2/users/8440944
referrer-policy: strict-origin-when-cross-origin
vary: Origin
x-content-type-options: nosniff
x-download-options: noopen
x-frame-options: SAMEORIGIN
x-permitted-cross-domain-policies: none
x-ratelimit-limit: 90
x-ratelimit-remaining: 89
x-ratelimit-reset: 1
x-request-id: 276521bd-809f-4f3e-9edf-534590381966
x-runtime: 0.094210
x-xss-protection: 0
Nel: {"report_to":"cf-nel","success_fraction":0.0,"max_age":604800}
cf-cache-status: DYNAMIC
Report-To: {"group":"cf-nel","max_age":604800,"endpoints":[{"url":"https://a.nel.cloudflare.com/report/v4?s=mCnSxjzSt6mEYPHevXWOtK4yv2gn1AmE7W91vklXocqDgaeb4tGT4ooK617EhKAMqpisqJdtbP9xWenVnhMbBhwP9MeThKP9YZTwI8oauXCxdvKmDFaUJ4n4ksOZ7V0%3D"}]}
Server: cloudflare
CF-RAY: 9edd39f13d36982d-DFW
alt-svc: h3=":443"; ma=86400

{
    "id": 8440944,
    "name": "Leah Schneider",
    "email": "test_06519cbf@mailtest.com",
    "gender": "male",
    "status": "active"
}
Request method:	DELETE
Request URI:	https://gorest.co.in/public/v2/users/8440944
Proxy:			<none>
Request params:	<none>
Query params:	<none>
Form params:	<none>
Path params:	id=8440944
Headers:		Authorization=Bearer 7471d879a4a6bc93dee54c7c21a92554756b101c336de78e60b7e9e74b5e9416
				Accept=*/*
				Content-Type=application/json
Cookies:		<none>
Multiparts:		<none>
Body:			<none>
HTTP/1.1 204 No Content
Date: Fri, 17 Apr 2026 17:42:27 GMT
Connection: keep-alive
Cache-Control: no-cache
feature-policy: camera 'none'; gyroscope 'none'; microphone 'none'; usb 'none'; fullscreen 'self'
referrer-policy: strict-origin-when-cross-origin
vary: Origin
x-content-type-options: nosniff
x-download-options: noopen
x-frame-options: SAMEORIGIN
x-permitted-cross-domain-policies: none
x-ratelimit-limit: 90
x-ratelimit-remaining: 89
x-ratelimit-reset: 1
x-request-id: 842b2372-a6a7-4341-8cb2-f29ca4f9fc53
x-runtime: 0.100785
x-xss-protection: 0
cf-cache-status: DYNAMIC
Nel: {"report_to":"cf-nel","success_fraction":0.0,"max_age":604800}
Report-To: {"group":"cf-nel","max_age":604800,"endpoints":[{"url":"https://a.nel.cloudflare.com/report/v4?s=3AGPEpEhBdFeDlgcU7Orxe6WjULhovTHHrl1mwji2vSwcbz2f%2BUGBXFUJjxqOftHw%2FtaOhD8SMvbOH3ISP2CIbP0incPWKqX79hPU5TFXDl3uCGfMZotZY5ZlVchw58%3D"}]}
Server: cloudflare
CF-RAY: 9edd39f60d9d6c7f-DFW
alt-svc: h3=":443"; ma=86400
]]></system-out>
  </testcase>
  <testcase name="createUser_shouldHaveCorrectDataTypes" classname="com.api.tests.schema.SchemaValidationTests" time="1.53">
    <system-out><![CDATA[Request method:	POST
Request URI:	https://gorest.co.in/public/v2/users
Proxy:			<none>
Request params:	<none>
Query params:	<none>
Form params:	<none>
Path params:	<none>
Headers:		Authorization=Bearer 7471d879a4a6bc93dee54c7c21a92554756b101c336de78e60b7e9e74b5e9416
				Accept=*/*
				Content-Type=application/json
Cookies:		<none>
Multiparts:		<none>
Body:
{
    "name": "Hilton Feeney",
    "email": "test_e4fa843f@mailtest.com",
    "gender": "male",
    "status": "active"
}
HTTP/1.1 201 Created
Date: Fri, 17 Apr 2026 17:42:28 GMT
Content-Type: application/json; charset=utf-8
Content-Length: 108
Connection: keep-alive
Cache-Control: max-age=0, private, must-revalidate
etag: W/"dacc15a45255fcd512d2c466e70d665b"
feature-policy: camera 'none'; gyroscope 'none'; microphone 'none'; usb 'none'; fullscreen 'self'
location: https://gorest.co.in/public/v2/users/8440945
referrer-policy: strict-origin-when-cross-origin
vary: Origin
x-content-type-options: nosniff
x-download-options: noopen
x-frame-options: SAMEORIGIN
x-permitted-cross-domain-policies: none
x-ratelimit-limit: 90
x-ratelimit-remaining: 89
x-ratelimit-reset: 1
x-request-id: 50a5743c-7e97-4eb2-873c-2e349dc9617d
x-runtime: 0.092668
x-xss-protection: 0
Nel: {"report_to":"cf-nel","success_fraction":0.0,"max_age":604800}
cf-cache-status: DYNAMIC
Report-To: {"group":"cf-nel","max_age":604800,"endpoints":[{"url":"https://a.nel.cloudflare.com/report/v4?s=N10%2Fb4776%2FH39k0fIfwJSNMHcvALG8aTX4mJj860fRbD0l7Pr0tBsVhiUZE8Nlt67afDi2D1Nlr4BDXP4jHGMiSYG2hg4%2FSxFceigoknHPX%2BMWkOr4%2BqP3n3rnV%2F%2BFA%3D"}]}
Server: cloudflare
CF-RAY: 9edd39facc7769c6-DFW
alt-svc: h3=":443"; ma=86400

{
    "id": 8440945,
    "name": "Hilton Feeney",
    "email": "test_e4fa843f@mailtest.com",
    "gender": "male",
    "status": "active"
}
Request method:	DELETE
Request URI:	https://gorest.co.in/public/v2/users/8440945
Proxy:			<none>
Request params:	<none>
Query params:	<none>
Form params:	<none>
Path params:	id=8440945
Headers:		Authorization=Bearer 7471d879a4a6bc93dee54c7c21a92554756b101c336de78e60b7e9e74b5e9416
				Accept=*/*
				Content-Type=application/json
Cookies:		<none>
Multiparts:		<none>
Body:			<none>
HTTP/1.1 204 No Content
Date: Fri, 17 Apr 2026 17:42:29 GMT
Connection: keep-alive
Cache-Control: no-cache
feature-policy: camera 'none'; gyroscope 'none'; microphone 'none'; usb 'none'; fullscreen 'self'
referrer-policy: strict-origin-when-cross-origin
vary: Origin
x-content-type-options: nosniff
x-download-options: noopen
x-frame-options: SAMEORIGIN
x-permitted-cross-domain-policies: none
x-ratelimit-limit: 90
x-ratelimit-remaining: 89
x-ratelimit-reset: 1
x-request-id: 7584b86b-467d-4b1a-bc69-39e2d380c69c
x-runtime: 0.096490
x-xss-protection: 0
cf-cache-status: DYNAMIC
Nel: {"report_to":"cf-nel","success_fraction":0.0,"max_age":604800}
Report-To: {"group":"cf-nel","max_age":604800,"endpoints":[{"url":"https://a.nel.cloudflare.com/report/v4?s=Nm5YDUXRBsC1uudTeCBSnFB%2BnYLQJThnG1YMeZCFQyMDtaJk2uB8O5I7un4EO6zMbhzj%2F%2BQd74P3DQ1veRcppSK%2F%2FclbcOBmvNktHfu8SObpqyZcalTJ5j0363hEblw%3D"}]}
Server: cloudflare
CF-RAY: 9edd39ffea355212-DFW
alt-svc: h3=":443"; ma=86400
]]></system-out>
  </testcase>
  <testcase name="getUser_responseShouldMatchSchema" classname="com.api.tests.schema.SchemaValidationTests" time="2.051">
    <system-out><![CDATA[Request method:	POST
Request URI:	https://gorest.co.in/public/v2/users
Proxy:			<none>
Request params:	<none>
Query params:	<none>
Form params:	<none>
Path params:	<none>
Headers:		Authorization=Bearer 7471d879a4a6bc93dee54c7c21a92554756b101c336de78e60b7e9e74b5e9416
				Accept=*/*
				Content-Type=application/json
Cookies:		<none>
Multiparts:		<none>
Body:
{
    "name": "Lanell Koelpin",
    "email": "test_c2c03c56@mailtest.com",
    "gender": "male",
    "status": "active"
}
HTTP/1.1 201 Created
Date: Fri, 17 Apr 2026 17:42:30 GMT
Content-Type: application/json; charset=utf-8
Content-Length: 109
Connection: keep-alive
Cache-Control: max-age=0, private, must-revalidate
etag: W/"5c3b67b5311f31b6e5c57bc86a3859ec"
feature-policy: camera 'none'; gyroscope 'none'; microphone 'none'; usb 'none'; fullscreen 'self'
location: https://gorest.co.in/public/v2/users/8440946
referrer-policy: strict-origin-when-cross-origin
vary: Origin
x-content-type-options: nosniff
x-download-options: noopen
x-frame-options: SAMEORIGIN
x-permitted-cross-domain-policies: none
x-ratelimit-limit: 90
x-ratelimit-remaining: 89
x-ratelimit-reset: 1
x-request-id: 4d658b04-e483-4c8d-b5ac-8b451b18de2e
x-runtime: 0.094370
x-xss-protection: 0
Nel: {"report_to":"cf-nel","success_fraction":0.0,"max_age":604800}
cf-cache-status: DYNAMIC
Report-To: {"group":"cf-nel","max_age":604800,"endpoints":[{"url":"https://a.nel.cloudflare.com/report/v4?s=v%2FQq89AbozxbPTHZdEJEAB3w0rLFLeKQAYBhzzqKCnoDq%2FxChZwyLCQmqLNgBwaFRYFWuC%2B2GoB3Pt3RZTaQzpPEbVMEfMXzFjc6Fdl8bniW9jt%2BpLHd17sLsNn9m6o%3D"}]}
Server: cloudflare
CF-RAY: 9edd3a047d976781-DFW
alt-svc: h3=":443"; ma=86400

{
    "id": 8440946,
    "name": "Lanell Koelpin",
    "email": "test_c2c03c56@mailtest.com",
    "gender": "male",
    "status": "active"
}
Request method:	GET
Request URI:	https://gorest.co.in/public/v2/users/8440946
Proxy:			<none>
Request params:	<none>
Query params:	<none>
Form params:	<none>
Path params:	id=8440946
Headers:		Authorization=Bearer 7471d879a4a6bc93dee54c7c21a92554756b101c336de78e60b7e9e74b5e9416
				Accept=*/*
				Content-Type=application/json
Cookies:		<none>
Multiparts:		<none>
Body:			<none>
HTTP/1.1 200 OK
Date: Fri, 17 Apr 2026 17:42:30 GMT
Content-Type: application/json; charset=utf-8
Transfer-Encoding: chunked
Connection: keep-alive
Cache-Control: max-age=0, private, must-revalidate
etag: W/"5c3b67b5311f31b6e5c57bc86a3859ec"
feature-policy: camera 'none'; gyroscope 'none'; microphone 'none'; usb 'none'; fullscreen 'self'
referrer-policy: strict-origin-when-cross-origin
vary: Origin
x-content-type-options: nosniff
x-download-options: noopen
x-frame-options: SAMEORIGIN
x-permitted-cross-domain-policies: none
x-ratelimit-limit: 90
x-ratelimit-remaining: 89
x-ratelimit-reset: 1
x-request-id: 4e2d62a1-e4d9-4e80-968f-6a5997e14623
x-runtime: 0.062336
x-xss-protection: 0
Nel: {"report_to":"cf-nel","success_fraction":0.0,"max_age":604800}
cf-cache-status: DYNAMIC
Report-To: {"group":"cf-nel","max_age":604800,"endpoints":[{"url":"https://a.nel.cloudflare.com/report/v4?s=h5n2DSDOy99txqmxQgDofxVn4mQ1WcjulLPKYGFb8VqPpfL8JR7YShgV6jAupyj5B6%2B5ysiakxk477iFoRG4XcrFQxyb6e%2BryIEJs4DxyajhqdimW6Ticx4rYGHSOzs%3D"}]}
Content-Encoding: gzip
Server: cloudflare
CF-RAY: 9edd3a08baa4f05e-DFW
alt-svc: h3=":443"; ma=86400

{
    "id": 8440946,
    "name": "Lanell Koelpin",
    "email": "test_c2c03c56@mailtest.com",
    "gender": "male",
    "status": "active"
}
Request method:	DELETE
Request URI:	https://gorest.co.in/public/v2/users/8440946
Proxy:			<none>
Request params:	<none>
Query params:	<none>
Form params:	<none>
Path params:	id=8440946
Headers:		Authorization=Bearer 7471d879a4a6bc93dee54c7c21a92554756b101c336de78e60b7e9e74b5e9416
				Accept=*/*
				Content-Type=application/json
Cookies:		<none>
Multiparts:		<none>
Body:			<none>
HTTP/1.1 204 No Content
Date: Fri, 17 Apr 2026 17:42:31 GMT
Connection: keep-alive
Cache-Control: no-cache
feature-policy: camera 'none'; gyroscope 'none'; microphone 'none'; usb 'none'; fullscreen 'self'
referrer-policy: strict-origin-when-cross-origin
vary: Origin
x-content-type-options: nosniff
x-download-options: noopen
x-frame-options: SAMEORIGIN
x-permitted-cross-domain-policies: none
x-ratelimit-limit: 90
x-ratelimit-remaining: 89
x-ratelimit-reset: 2
x-request-id: 82076df6-0666-41ce-914b-a28f2d03ee6a
x-runtime: 0.106486
x-xss-protection: 0
cf-cache-status: DYNAMIC
Nel: {"report_to":"cf-nel","success_fraction":0.0,"max_age":604800}
Report-To: {"group":"cf-nel","max_age":604800,"endpoints":[{"url":"https://a.nel.cloudflare.com/report/v4?s=%2Fr9IBWVZopC3a2LJHWlRkusDtdREgmKPrVMtLZfWoPyrUxqCk%2F6Xdxs3EBVs3vbYy8D1TPOBWDTMHaQ1HicrVqcRnxz4MCxMb0OfDBcguUovpZdriyjA4gM%2B3BeyOVs%3D"}]}
Server: cloudflare
CF-RAY: 9edd3a0cbd39f076-DFW
alt-svc: h3=":443"; ma=86400
]]></system-out>
  </testcase>
  <testcase name="updateUser_responseShouldMatchSchema" classname="com.api.tests.schema.SchemaValidationTests" time="2.35">
    <system-out><![CDATA[Request method:	POST
Request URI:	https://gorest.co.in/public/v2/users
Proxy:			<none>
Request params:	<none>
Query params:	<none>
Form params:	<none>
Path params:	<none>
Headers:		Authorization=Bearer 7471d879a4a6bc93dee54c7c21a92554756b101c336de78e60b7e9e74b5e9416
				Accept=*/*
				Content-Type=application/json
Cookies:		<none>
Multiparts:		<none>
Body:
{
    "name": "Laci Toy",
    "email": "test_7f126a78@mailtest.com",
    "gender": "male",
    "status": "active"
}
HTTP/1.1 201 Created
Date: Fri, 17 Apr 2026 17:42:32 GMT
Content-Type: application/json; charset=utf-8
Content-Length: 103
Connection: keep-alive
Cache-Control: max-age=0, private, must-revalidate
etag: W/"47382d59282e8a9b43113e8a29a6a467"
feature-policy: camera 'none'; gyroscope 'none'; microphone 'none'; usb 'none'; fullscreen 'self'
location: https://gorest.co.in/public/v2/users/8440947
referrer-policy: strict-origin-when-cross-origin
vary: Origin
x-content-type-options: nosniff
x-download-options: noopen
x-frame-options: SAMEORIGIN
x-permitted-cross-domain-policies: none
x-ratelimit-limit: 90
x-ratelimit-remaining: 88
x-ratelimit-reset: 2
x-request-id: 4d9cb3d9-0933-4d3f-b924-c72999726120
x-runtime: 0.096833
x-xss-protection: 0
Nel: {"report_to":"cf-nel","success_fraction":0.0,"max_age":604800}
cf-cache-status: DYNAMIC
Report-To: {"group":"cf-nel","max_age":604800,"endpoints":[{"url":"https://a.nel.cloudflare.com/report/v4?s=oXHS35FF5uVDnxD4g%2BjdQD3lJ9GnzG53bG%2BZm4cooamI7HVtf93IWqdLjZLiPqz1l6P3kwUNG%2FFIazonkiFOVDS36KTfp6wsOKOn2I%2B1cC8Qy8CTJNbsId6opKAtIRo%3D"}]}
Server: cloudflare
CF-RAY: 9edd3a112bcb6b91-DFW
alt-svc: h3=":443"; ma=86400

{
    "id": 8440947,
    "name": "Laci Toy",
    "email": "test_7f126a78@mailtest.com",
    "gender": "male",
    "status": "active"
}
Request method:	PUT
Request URI:	https://gorest.co.in/public/v2/users/8440947
Proxy:			<none>
Request params:	<none>
Query params:	<none>
Form params:	<none>
Path params:	id=8440947
Headers:		Authorization=Bearer 7471d879a4a6bc93dee54c7c21a92554756b101c336de78e60b7e9e74b5e9416
				Accept=*/*
				Content-Type=application/json
Cookies:		<none>
Multiparts:		<none>
Body:
{
    "name": "Updated Evelynn",
    "status": "inactive"
}
HTTP/1.1 200 OK
Date: Fri, 17 Apr 2026 17:42:33 GMT
Content-Type: application/json; charset=utf-8
Transfer-Encoding: chunked
Connection: keep-alive
Cache-Control: max-age=0, private, must-revalidate
etag: W/"61a74239eb018391b1cb51d570b0d6ae"
feature-policy: camera 'none'; gyroscope 'none'; microphone 'none'; usb 'none'; fullscreen 'self'
referrer-policy: strict-origin-when-cross-origin
vary: Origin
x-content-type-options: nosniff
x-download-options: noopen
x-frame-options: SAMEORIGIN
x-permitted-cross-domain-policies: none
x-ratelimit-limit: 90
x-ratelimit-remaining: 88
x-ratelimit-reset: 2
x-request-id: 5bce4a5e-90ce-4104-9326-16229df45560
x-runtime: 0.085890
x-xss-protection: 0
Nel: {"report_to":"cf-nel","success_fraction":0.0,"max_age":604800}
cf-cache-status: DYNAMIC
Report-To: {"group":"cf-nel","max_age":604800,"endpoints":[{"url":"https://a.nel.cloudflare.com/report/v4?s=yxyH4Wl%2B2xcJsYVDWjxZ2atb81pOGQHtxtFJZI6tsHVD5Jb%2FXaGAXN%2BAmhuZA2clyN1WEN6hMKXa7hMEuGY5U%2F7JipX4Hy2pBk%2FxCazz%2Fqxc765EBHc5Yy8pWJ%2F3bUQ%3D"}]}
Content-Encoding: gzip
Server: cloudflare
CF-RAY: 9edd3a16ed4d670d-DFW
alt-svc: h3=":443"; ma=86400

{
    "name": "Updated Evelynn",
    "status": "inactive",
    "id": 8440947,
    "email": "test_7f126a78@mailtest.com",
    "gender": "male"
}
Request method:	DELETE
Request URI:	https://gorest.co.in/public/v2/users/8440947
Proxy:			<none>
Request params:	<none>
Query params:	<none>
Form params:	<none>
Path params:	id=8440947
Headers:		Authorization=Bearer 7471d879a4a6bc93dee54c7c21a92554756b101c336de78e60b7e9e74b5e9416
				Accept=*/*
				Content-Type=application/json
Cookies:		<none>
Multiparts:		<none>
Body:			<none>
HTTP/1.1 204 No Content
Date: Fri, 17 Apr 2026 17:42:33 GMT
Connection: keep-alive
Cache-Control: no-cache
feature-policy: camera 'none'; gyroscope 'none'; microphone 'none'; usb 'none'; fullscreen 'self'
referrer-policy: strict-origin-when-cross-origin
vary: Origin
x-content-type-options: nosniff
x-download-options: noopen
x-frame-options: SAMEORIGIN
x-permitted-cross-domain-policies: none
x-ratelimit-limit: 90
x-ratelimit-remaining: 88
x-ratelimit-reset: 2
x-request-id: 70567e00-6597-4a6a-896a-a6a01190ab27
x-runtime: 0.102576
x-xss-protection: 0
cf-cache-status: DYNAMIC
Nel: {"report_to":"cf-nel","success_fraction":0.0,"max_age":604800}
Report-To: {"group":"cf-nel","max_age":604800,"endpoints":[{"url":"https://a.nel.cloudflare.com/report/v4?s=gDyl4Ks2UTt4G3T56mCerTVSOCs0q0%2BJ7eZS4ABW5EyUVz2h2sSoEbpHoP3%2Ff2G830pLtmbQL1uNTevWBHTLAJR8dwOPhm3Vx6E%2FXUijLVXyols4jdJ6edIgGV6dJNc%3D"}]}
Server: cloudflare
CF-RAY: 9edd3a1b6f2c7cdd-DFW
alt-svc: h3=":443"; ma=86400
]]></system-out>
  </testcase>
  <testcase name="createUser_withDuplicateEmail_shouldReturn422" classname="com.api.tests.users.NegativeUserTests" time="2.856">
    <system-out><![CDATA[Request method:	POST
Request URI:	https://gorest.co.in/public/v2/users
Proxy:			<none>
Request params:	<none>
Query params:	<none>
Form params:	<none>
Path params:	<none>
Headers:		Authorization=Bearer 7471d879a4a6bc93dee54c7c21a92554756b101c336de78e60b7e9e74b5e9416
				Accept=*/*
				Content-Type=application/json
Cookies:		<none>
Multiparts:		<none>
Body:
{
    "name": "Clemmie Conroy II",
    "email": "test_a2e624b0@mailtest.com",
    "gender": "male",
    "status": "active"
}
HTTP/1.1 201 Created
Date: Fri, 17 Apr 2026 17:42:34 GMT
Content-Type: application/json; charset=utf-8
Content-Length: 112
Connection: keep-alive
Cache-Control: max-age=0, private, must-revalidate
etag: W/"58907885ed81dafa8a9ffcf460d60324"
feature-policy: camera 'none'; gyroscope 'none'; microphone 'none'; usb 'none'; fullscreen 'self'
location: https://gorest.co.in/public/v2/users/8440948
referrer-policy: strict-origin-when-cross-origin
vary: Origin
x-content-type-options: nosniff
x-download-options: noopen
x-frame-options: SAMEORIGIN
x-permitted-cross-domain-policies: none
x-ratelimit-limit: 90
x-ratelimit-remaining: 88
x-ratelimit-reset: 2
x-request-id: ea0065f7-a8de-4cfd-913d-b42b43f7dcef
x-runtime: 0.097485
x-xss-protection: 0
Nel: {"report_to":"cf-nel","success_fraction":0.0,"max_age":604800}
cf-cache-status: DYNAMIC
Report-To: {"group":"cf-nel","max_age":604800,"endpoints":[{"url":"https://a.nel.cloudflare.com/report/v4?s=sBTJQ2AK%2FkkExt%2BjB%2BzmBMC1zXoYM4V3kHa16FXx%2BTi9qr%2Fly7G1lVWbkZ5HdPt9byQrSjYDoieHsiIrYxQLEXqTojXKInfUFqS40i%2BB5FctzWguiIUlmWeE4XsHvHw%3D"}]}
Server: cloudflare
CF-RAY: 9edd3a1fedc1eff2-DFW
alt-svc: h3=":443"; ma=86400

{
    "id": 8440948,
    "name": "Clemmie Conroy II",
    "email": "test_a2e624b0@mailtest.com",
    "gender": "male",
    "status": "active"
}
Request method:	POST
Request URI:	https://gorest.co.in/public/v2/users
Proxy:			<none>
Request params:	<none>
Query params:	<none>
Form params:	<none>
Path params:	<none>
Headers:		Authorization=Bearer 7471d879a4a6bc93dee54c7c21a92554756b101c336de78e60b7e9e74b5e9416
				Accept=*/*
				Content-Type=application/json
Cookies:		<none>
Multiparts:		<none>
Body:
{
    "name": "Another User",
    "email": "test_a2e624b0@mailtest.com",
    "gender": "male",
    "status": "active"
}
HTTP/1.1 422 Unprocessable Entity
Date: Fri, 17 Apr 2026 17:42:35 GMT
Content-Type: application/json; charset=utf-8
Content-Length: 54
Connection: keep-alive
Cache-Control: no-cache
feature-policy: camera 'none'; gyroscope 'none'; microphone 'none'; usb 'none'; fullscreen 'self'
referrer-policy: strict-origin-when-cross-origin
vary: Origin
x-content-type-options: nosniff
x-download-options: noopen
x-frame-options: SAMEORIGIN
x-permitted-cross-domain-policies: none
x-ratelimit-limit: 90
x-ratelimit-remaining: 88
x-ratelimit-reset: 1
x-request-id: 68711e55-1542-4013-906c-2a39f2e6d6bd
x-runtime: 0.077276
x-xss-protection: 0
Nel: {"report_to":"cf-nel","success_fraction":0.0,"max_age":604800}
cf-cache-status: DYNAMIC
Report-To: {"group":"cf-nel","max_age":604800,"endpoints":[{"url":"https://a.nel.cloudflare.com/report/v4?s=9QPSCmbtkoyPuAKPdaobo%2BTl5bPqbph9zbLdD6qLcNzmsKVWe%2B5D4pLiO5KPwfsF%2F%2FpHJvzoUraPDZgQb6jJRLIsGqmSi4gVv6jxK0b5yO3PoSeU%2BT1G0sQICOt2I%2FM%3D"}]}
Server: cloudflare
CF-RAY: 9edd3a250d9345ef-DFW
alt-svc: h3=":443"; ma=86400

[
    {
        "field": "email",
        "message": "has already been taken"
    }
]
Request method:	DELETE
Request URI:	https://gorest.co.in/public/v2/users/8440948
Proxy:			<none>
Request params:	<none>
Query params:	<none>
Form params:	<none>
Path params:	id=8440948
Headers:		Authorization=Bearer 7471d879a4a6bc93dee54c7c21a92554756b101c336de78e60b7e9e74b5e9416
				Accept=*/*
				Content-Type=application/json
Cookies:		<none>
Multiparts:		<none>
Body:			<none>
HTTP/1.1 204 No Content
Date: Fri, 17 Apr 2026 17:42:36 GMT
Connection: keep-alive
Cache-Control: no-cache
feature-policy: camera 'none'; gyroscope 'none'; microphone 'none'; usb 'none'; fullscreen 'self'
referrer-policy: strict-origin-when-cross-origin
vary: Origin
x-content-type-options: nosniff
x-download-options: noopen
x-frame-options: SAMEORIGIN
x-permitted-cross-domain-policies: none
x-ratelimit-limit: 90
x-ratelimit-remaining: 89
x-ratelimit-reset: 1
x-request-id: 9418fd83-68f9-41df-849d-09043159cd08
x-runtime: 0.109315
x-xss-protection: 0
cf-cache-status: DYNAMIC
Nel: {"report_to":"cf-nel","success_fraction":0.0,"max_age":604800}
Report-To: {"group":"cf-nel","max_age":604800,"endpoints":[{"url":"https://a.nel.cloudflare.com/report/v4?s=XtLFOQi1F7MPsc4IkKRJxuZTCeFoY51HHpyd1R6Or0siIb4pNelHn0%2BYuMm43i%2BMYG7%2B%2Fi3hUXEZ0byJT9hsnRMRPwbBWYLaDpKzyrp17naDLkjofpe6VxiWSIZy94I%3D"}]}
Server: cloudflare
CF-RAY: 9edd3a2d5f3b8b0a-DFW
alt-svc: h3=":443"; ma=86400
]]></system-out>
  </testcase>
  <testcase name="createUser_withEmptyBody_shouldReturn422" classname="com.api.tests.users.NegativeUserTests" time="0.716">
    <system-out><![CDATA[Request method:	POST
Request URI:	https://gorest.co.in/public/v2/users
Proxy:			<none>
Request params:	<none>
Query params:	<none>
Form params:	<none>
Path params:	<none>
Headers:		Authorization=Bearer 7471d879a4a6bc93dee54c7c21a92554756b101c336de78e60b7e9e74b5e9416
				Accept=*/*
				Content-Type=application/json
Cookies:		<none>
Multiparts:		<none>
Body:
{
    
}
HTTP/1.1 422 Unprocessable Entity
Date: Fri, 17 Apr 2026 17:42:37 GMT
Content-Type: application/json; charset=utf-8
Content-Length: 205
Connection: keep-alive
Cache-Control: no-cache
feature-policy: camera 'none'; gyroscope 'none'; microphone 'none'; usb 'none'; fullscreen 'self'
referrer-policy: strict-origin-when-cross-origin
vary: Origin
x-content-type-options: nosniff
x-download-options: noopen
x-frame-options: SAMEORIGIN
x-permitted-cross-domain-policies: none
x-ratelimit-limit: 90
x-ratelimit-remaining: 89
x-ratelimit-reset: 1
x-request-id: c059225e-4e5e-4ee4-857a-59c3191aeff1
x-runtime: 0.063380
x-xss-protection: 0
Nel: {"report_to":"cf-nel","success_fraction":0.0,"max_age":604800}
cf-cache-status: DYNAMIC
Report-To: {"group":"cf-nel","max_age":604800,"endpoints":[{"url":"https://a.nel.cloudflare.com/report/v4?s=WXWv4e5spF8MiofjmHATs1EZBfKma2f5zUf%2BTUFObJzKb3bd6Lm4O%2Bdfh22FdWco0G3xO48aMgRpMsnZloN9qw0prSCx1fKf10%2BZH%2Fz1oiNE8A4OErMhL4DtQcpR4Ik%3D"}]}
Server: cloudflare
CF-RAY: 9edd3a326f90657e-DFW
alt-svc: h3=":443"; ma=86400

[
    {
        "field": "email",
        "message": "can't be blank"
    },
    {
        "field": "name",
        "message": "can't be blank"
    },
    {
        "field": "gender",
        "message": "can't be blank, can be male of female"
    },
    {
        "field": "status",
        "message": "can't be blank"
    }
]
]]></system-out>
  </testcase>
  <testcase name="createUser_withInvalidGender_shouldReturn422" classname="com.api.tests.users.NegativeUserTests" time="0.745">
    <system-out><![CDATA[Request method:	POST
Request URI:	https://gorest.co.in/public/v2/users
Proxy:			<none>
Request params:	<none>
Query params:	<none>
Form params:	<none>
Path params:	<none>
Headers:		Authorization=Bearer 7471d879a4a6bc93dee54c7c21a92554756b101c336de78e60b7e9e74b5e9416
				Accept=*/*
				Content-Type=application/json
Cookies:		<none>
Multiparts:		<none>
Body:
{
    "name": "Weston Stamm",
    "email": "test_e5f9f9fb@mailtest.com",
    "gender": "unknown",
    "status": "active"
}
HTTP/1.1 422 Unprocessable Entity
Date: Fri, 17 Apr 2026 17:42:38 GMT
Content-Type: application/json; charset=utf-8
Content-Length: 70
Connection: keep-alive
Cache-Control: no-cache
feature-policy: camera 'none'; gyroscope 'none'; microphone 'none'; usb 'none'; fullscreen 'self'
referrer-policy: strict-origin-when-cross-origin
vary: Origin
x-content-type-options: nosniff
x-download-options: noopen
x-frame-options: SAMEORIGIN
x-permitted-cross-domain-policies: none
x-ratelimit-limit: 90
x-ratelimit-remaining: 89
x-ratelimit-reset: 2
x-request-id: 0f9dac78-6cfe-4d47-af13-3ad2c0d4b547
x-runtime: 0.079604
x-xss-protection: 0
Nel: {"report_to":"cf-nel","success_fraction":0.0,"max_age":604800}
cf-cache-status: DYNAMIC
Report-To: {"group":"cf-nel","max_age":604800,"endpoints":[{"url":"https://a.nel.cloudflare.com/report/v4?s=L6xu6S3LPG9mDvhw4DsHACe5eQ0k6MidAiKduhWGcOI9IUs2UXL0BFaidRTUu6g1Gplt3LjO0fr716TQkix%2F9f9f37GGm7JD52M30Tnvakq11G9C4Ap1C%2FpjTmjUzVU%3D"}]}
Server: cloudflare
CF-RAY: 9edd3a364aeb6b85-DFW
alt-svc: h3=":443"; ma=86400

[
    {
        "field": "gender",
        "message": "can't be blank, can be male of female"
    }
]
]]></system-out>
  </testcase>
  <testcase name="createUser_withoutEmail_shouldReturn422" classname="com.api.tests.users.NegativeUserTests" time="0.715">
    <system-out><![CDATA[Request method:	POST
Request URI:	https://gorest.co.in/public/v2/users
Proxy:			<none>
Request params:	<none>
Query params:	<none>
Form params:	<none>
Path params:	<none>
Headers:		Authorization=Bearer 7471d879a4a6bc93dee54c7c21a92554756b101c336de78e60b7e9e74b5e9416
				Accept=*/*
				Content-Type=application/json
Cookies:		<none>
Multiparts:		<none>
Body:
{
    "name": "Augustina Botsford",
    "gender": "male",
    "status": "active"
}
HTTP/1.1 422 Unprocessable Entity
Date: Fri, 17 Apr 2026 17:42:38 GMT
Content-Type: application/json; charset=utf-8
Content-Length: 46
Connection: keep-alive
Cache-Control: no-cache
feature-policy: camera 'none'; gyroscope 'none'; microphone 'none'; usb 'none'; fullscreen 'self'
referrer-policy: strict-origin-when-cross-origin
vary: Origin
x-content-type-options: nosniff
x-download-options: noopen
x-frame-options: SAMEORIGIN
x-permitted-cross-domain-policies: none
x-ratelimit-limit: 90
x-ratelimit-remaining: 88
x-ratelimit-reset: 2
x-request-id: e5225915-3bc7-459d-a28b-2fde57ae2aee
x-runtime: 0.056176
x-xss-protection: 0
Nel: {"report_to":"cf-nel","success_fraction":0.0,"max_age":604800}
cf-cache-status: DYNAMIC
Report-To: {"group":"cf-nel","max_age":604800,"endpoints":[{"url":"https://a.nel.cloudflare.com/report/v4?s=QtNTZuxJp2heLST4C6LHCfqxoPLIVFGkqmuMTUdn5cZaTzPz9GloU33qPUmvdV4QMO5OWqI0uAAXTaovGKLNcNo0Uwtztoi5kG3QpYbPsfNCwpJm3KZxfOf7P3OSkaw%3D"}]}
Server: cloudflare
CF-RAY: 9edd3a3b69126b5c-DFW
alt-svc: h3=":443"; ma=86400

[
    {
        "field": "email",
        "message": "can't be blank"
    }
]
]]></system-out>
  </testcase>
  <testcase name="createUser_withoutName_shouldReturn422" classname="com.api.tests.users.NegativeUserTests" time="0.78">
    <system-out><![CDATA[Request method:	POST
Request URI:	https://gorest.co.in/public/v2/users
Proxy:			<none>
Request params:	<none>
Query params:	<none>
Form params:	<none>
Path params:	<none>
Headers:		Authorization=Bearer 7471d879a4a6bc93dee54c7c21a92554756b101c336de78e60b7e9e74b5e9416
				Accept=*/*
				Content-Type=application/json
Cookies:		<none>
Multiparts:		<none>
Body:
{
    "email": "test_573cd90a@mailtest.com",
    "gender": "female",
    "status": "active"
}
HTTP/1.1 422 Unprocessable Entity
Date: Fri, 17 Apr 2026 17:42:39 GMT
Content-Type: application/json; charset=utf-8
Content-Length: 45
Connection: keep-alive
Cache-Control: no-cache
feature-policy: camera 'none'; gyroscope 'none'; microphone 'none'; usb 'none'; fullscreen 'self'
referrer-policy: strict-origin-when-cross-origin
vary: Origin
x-content-type-options: nosniff
x-download-options: noopen
x-frame-options: SAMEORIGIN
x-permitted-cross-domain-policies: none
x-ratelimit-limit: 90
x-ratelimit-remaining: 88
x-ratelimit-reset: 2
x-request-id: de493a42-8bc3-44be-a415-ab4676816e2d
x-runtime: 0.079234
x-xss-protection: 0
Nel: {"report_to":"cf-nel","success_fraction":0.0,"max_age":604800}
cf-cache-status: DYNAMIC
Report-To: {"group":"cf-nel","max_age":604800,"endpoints":[{"url":"https://a.nel.cloudflare.com/report/v4?s=ygYW3ndr70YYA7vQ1vVeFf62FYljzymBnD%2Bkas5mTLaawZ5yX6q2Tdbk39Lq%2F%2BtY%2Bz87ySU8373%2FFqCpkcH7JDDokZA7oGEiH0W1idNBH6Cv1mo%2FaIZLXTIRKljrft0%3D"}]}
Server: cloudflare
CF-RAY: 9edd3a3ffbcf17fb-DFW
alt-svc: h3=":443"; ma=86400

[
    {
        "field": "name",
        "message": "can't be blank"
    }
]
]]></system-out>
  </testcase>
  <testcase name="createUser_withoutToken_shouldReturn401" classname="com.api.tests.users.NegativeUserTests" time="1.154">
    <system-out><![CDATA[Request method:	POST
Request URI:	https://gorest.co.in/public/v2/users
Proxy:			<none>
Request params:	<none>
Query params:	<none>
Form params:	<none>
Path params:	<none>
Headers:		Accept=*/*
				Content-Type=application/json
Cookies:		<none>
Multiparts:		<none>
Body:
{
    "name": "Mrs. Derek Hettinger",
    "email": "test_ac5c3260@mailtest.com",
    "gender": "male",
    "status": "active"
}
HTTP/1.1 401 Unauthorized
Date: Fri, 17 Apr 2026 17:42:40 GMT
Content-Type: application/json; charset=utf-8
Content-Length: 35
Connection: keep-alive
Cache-Control: no-cache
feature-policy: camera 'none'; gyroscope 'none'; microphone 'none'; usb 'none'; fullscreen 'self'
referrer-policy: strict-origin-when-cross-origin
vary: Origin
x-content-type-options: nosniff
x-download-options: noopen
x-frame-options: SAMEORIGIN
x-permitted-cross-domain-policies: none
x-request-id: 0626a9ea-2c0a-46d7-b17e-5b0d9b782b63
x-runtime: 0.008768
x-xss-protection: 0
Nel: {"report_to":"cf-nel","success_fraction":0.0,"max_age":604800}
cf-cache-status: DYNAMIC
Report-To: {"group":"cf-nel","max_age":604800,"endpoints":[{"url":"https://a.nel.cloudflare.com/report/v4?s=tlo8IRpmmJ8teCGx4TLS9x9REozw8NBEdM4siOdP63qx6V0By1fWRkQ3tZJ%2FZSxcOk8vEOxWJQF8yeQWbppm8%2FyikjVmXElyLy7iuzvMCR8fxqSmFm9W9g14wUa5YCw%3D"}]}
Server: cloudflare
CF-RAY: 9edd3a445c2f346d-DFW
alt-svc: h3=":443"; ma=86400

{
    "message": "Authentication failed"
}
]]></system-out>
  </testcase>
  <testcase name="getUser_nonExistentId_shouldReturn404" classname="com.api.tests.users.NegativeUserTests" time="0.716">
    <system-out><![CDATA[Request method:	GET
Request URI:	https://gorest.co.in/public/v2/users/999999999
Proxy:			<none>
Request params:	<none>
Query params:	<none>
Form params:	<none>
Path params:	id=999999999
Headers:		Authorization=Bearer 7471d879a4a6bc93dee54c7c21a92554756b101c336de78e60b7e9e74b5e9416
				Accept=*/*
				Content-Type=application/json
Cookies:		<none>
Multiparts:		<none>
Body:			<none>
HTTP/1.1 404 Not Found
Date: Fri, 17 Apr 2026 17:42:41 GMT
Content-Type: application/json; charset=utf-8
Content-Length: 32
Connection: keep-alive
Cache-Control: no-cache
feature-policy: camera 'none'; gyroscope 'none'; microphone 'none'; usb 'none'; fullscreen 'self'
referrer-policy: strict-origin-when-cross-origin
vary: Origin
x-content-type-options: nosniff
x-download-options: noopen
x-frame-options: SAMEORIGIN
x-permitted-cross-domain-policies: none
x-ratelimit-limit: 90
x-ratelimit-remaining: 88
x-ratelimit-reset: 1
x-request-id: d60bca9d-eacc-43ea-9359-8b1a7255ef67
x-runtime: 0.038151
x-xss-protection: 0
Nel: {"report_to":"cf-nel","success_fraction":0.0,"max_age":604800}
cf-cache-status: DYNAMIC
Report-To: {"group":"cf-nel","max_age":604800,"endpoints":[{"url":"https://a.nel.cloudflare.com/report/v4?s=6FJNlbTrUaYtKcWj5v8ayvDh2dNU4f0REfPsa9sYAJY%2FpER1K6PlNNErJrxeSJDhSSealvSEDQzxXXyUN0ZbPAC37hZVZnJ8xzgmOCkLl6CLH3MAEKQ10yhfO%2BOm2TQ%3D"}]}
Server: cloudflare
CF-RAY: 9edd3a4c1a7455cb-DFW
alt-svc: h3=":443"; ma=86400

{
    "message": "Resource not found"
}
]]></system-out>
  </testcase>
  <testcase name="updateUser_nonExistentId_shouldReturn404" classname="com.api.tests.users.NegativeUserTests" time="1.327">
    <system-out><![CDATA[Request method:	PUT
Request URI:	https://gorest.co.in/public/v2/users/999999999
Proxy:			<none>
Request params:	<none>
Query params:	<none>
Form params:	<none>
Path params:	id=999999999
Headers:		Authorization=Bearer 7471d879a4a6bc93dee54c7c21a92554756b101c336de78e60b7e9e74b5e9416
				Accept=*/*
				Content-Type=application/json
Cookies:		<none>
Multiparts:		<none>
Body:
{
    "name": "Updated Gail",
    "status": "inactive"
}
HTTP/1.1 404 Not Found
Date: Fri, 17 Apr 2026 17:42:42 GMT
Content-Type: application/json; charset=utf-8
Content-Length: 32
Connection: keep-alive
Cache-Control: no-cache
feature-policy: camera 'none'; gyroscope 'none'; microphone 'none'; usb 'none'; fullscreen 'self'
referrer-policy: strict-origin-when-cross-origin
vary: Origin
x-content-type-options: nosniff
x-download-options: noopen
x-frame-options: SAMEORIGIN
x-permitted-cross-domain-policies: none
x-ratelimit-limit: 90
x-ratelimit-remaining: 89
x-ratelimit-reset: 1
x-request-id: 853fd742-d346-4ed7-a7ee-f8a91bbd7d37
x-runtime: 0.045071
x-xss-protection: 0
Nel: {"report_to":"cf-nel","success_fraction":0.0,"max_age":604800}
cf-cache-status: DYNAMIC
Report-To: {"group":"cf-nel","max_age":604800,"endpoints":[{"url":"https://a.nel.cloudflare.com/report/v4?s=ESswy19cN98QlxvibEpljN46CPc%2FlrJ9rKJwQF55smqtXdU9Rtdp3xs4pHXHOlS1DRL1VWEzjAfzDA7X6HCshUcwWtAgfzsY8hrBe1TIKnzib%2FCurMXPHEBBt7NkDBs%3D"}]}
Server: cloudflare
CF-RAY: 9edd3a508e7eddb4-DFW
alt-svc: h3=":443"; ma=86400

{
    "message": "Resource not found"
}
]]></system-out>
  </testcase>
  <testcase name="step1_createUser" classname="com.api.tests.integration.UserIntegrationTests" time="0.803">
    <system-out><![CDATA[Request method:	POST
Request URI:	https://gorest.co.in/public/v2/users
Proxy:			<none>
Request params:	<none>
Query params:	<none>
Form params:	<none>
Path params:	<none>
Headers:		Authorization=Bearer 7471d879a4a6bc93dee54c7c21a92554756b101c336de78e60b7e9e74b5e9416
				Accept=*/*
				Content-Type=application/json
Cookies:		<none>
Multiparts:		<none>
Body:
{
    "name": "Lucile Nienow Sr.",
    "email": "test_88e18e5d@mailtest.com",
    "gender": "male",
    "status": "active"
}
HTTP/1.1 201 Created
Date: Fri, 17 Apr 2026 17:42:43 GMT
Content-Type: application/json; charset=utf-8
Content-Length: 112
Connection: keep-alive
Cache-Control: max-age=0, private, must-revalidate
etag: W/"52da66b573984e46946adbfc59aff3e5"
feature-policy: camera 'none'; gyroscope 'none'; microphone 'none'; usb 'none'; fullscreen 'self'
location: https://gorest.co.in/public/v2/users/8440949
referrer-policy: strict-origin-when-cross-origin
vary: Origin
x-content-type-options: nosniff
x-download-options: noopen
x-frame-options: SAMEORIGIN
x-permitted-cross-domain-policies: none
x-ratelimit-limit: 90
x-ratelimit-remaining: 89
x-ratelimit-reset: 1
x-request-id: 15e04504-f6ec-4fbf-ac9b-7048aaf98410
x-runtime: 0.077924
x-xss-protection: 0
Nel: {"report_to":"cf-nel","success_fraction":0.0,"max_age":604800}
cf-cache-status: DYNAMIC
Report-To: {"group":"cf-nel","max_age":604800,"endpoints":[{"url":"https://a.nel.cloudflare.com/report/v4?s=z1v5tWhRQMe8kI4WQhUQ4JmEbiX3MzzudI%2FN6RjI6McQRiET5Qy%2BM8CvD3rt4Gl0YUO3AkGmqkiFKzHMyu2apkexPIWO82Iy0BcId1aQpz5r9OFAPFO2Cq04IP3wU7k%3D"}]}
Server: cloudflare
CF-RAY: 9edd3a58d8164656-DFW
alt-svc: h3=":443"; ma=86400

{
    "id": 8440949,
    "name": "Lucile Nienow Sr.",
    "email": "test_88e18e5d@mailtest.com",
    "gender": "male",
    "status": "active"
}
✅ [Paso 1] Usuario creado con ID: 8440949
]]></system-out>
  </testcase>
  <testcase name="step2_getAndValidateCreatedUser" classname="com.api.tests.integration.UserIntegrationTests" time="0.968">
    <system-out><![CDATA[Request method:	GET
Request URI:	https://gorest.co.in/public/v2/users/8440949
Proxy:			<none>
Request params:	<none>
Query params:	<none>
Form params:	<none>
Path params:	id=8440949
Headers:		Authorization=Bearer 7471d879a4a6bc93dee54c7c21a92554756b101c336de78e60b7e9e74b5e9416
				Accept=*/*
				Content-Type=application/json
Cookies:		<none>
Multiparts:		<none>
Body:			<none>
HTTP/1.1 200 OK
Date: Fri, 17 Apr 2026 17:42:44 GMT
Content-Type: application/json; charset=utf-8
Transfer-Encoding: chunked
Connection: keep-alive
Cache-Control: max-age=0, private, must-revalidate
etag: W/"52da66b573984e46946adbfc59aff3e5"
feature-policy: camera 'none'; gyroscope 'none'; microphone 'none'; usb 'none'; fullscreen 'self'
referrer-policy: strict-origin-when-cross-origin
vary: Origin
x-content-type-options: nosniff
x-download-options: noopen
x-frame-options: SAMEORIGIN
x-permitted-cross-domain-policies: none
x-ratelimit-limit: 90
x-ratelimit-remaining: 89
x-ratelimit-reset: 1
x-request-id: ef67609e-a65b-482c-a35b-0c55c084c477
x-runtime: 0.057676
x-xss-protection: 0
Nel: {"report_to":"cf-nel","success_fraction":0.0,"max_age":604800}
cf-cache-status: DYNAMIC
Report-To: {"group":"cf-nel","max_age":604800,"endpoints":[{"url":"https://a.nel.cloudflare.com/report/v4?s=zNlkJIb4oBjt1r2c7ZDpfjdpc0tWiwwaQC4xDGEqI9MIcGlfYO1iGJqdmEGXUzrumOu5EtN0fPu%2Fu%2BGqPpSFhuzLwxNL53wVpYNhTYGsK34vRWOuD7w1ozQ%2FEl8YENs%3D"}]}
Content-Encoding: gzip
Server: cloudflare
CF-RAY: 9edd3a5e99d0e032-DFW
alt-svc: h3=":443"; ma=86400

{
    "id": 8440949,
    "name": "Lucile Nienow Sr.",
    "email": "test_88e18e5d@mailtest.com",
    "gender": "male",
    "status": "active"
}
✅ [Paso 2] Usuario validado: test_88e18e5d@mailtest.com
]]></system-out>
  </testcase>
  <testcase name="step3_updateUser" classname="com.api.tests.integration.UserIntegrationTests" time="0.825">
    <system-out><![CDATA[Request method:	PUT
Request URI:	https://gorest.co.in/public/v2/users/8440949
Proxy:			<none>
Request params:	<none>
Query params:	<none>
Form params:	<none>
Path params:	id=8440949
Headers:		Authorization=Bearer 7471d879a4a6bc93dee54c7c21a92554756b101c336de78e60b7e9e74b5e9416
				Accept=*/*
				Content-Type=application/json
Cookies:		<none>
Multiparts:		<none>
Body:
{
    "name": "Updated Ivory",
    "status": "inactive"
}
HTTP/1.1 200 OK
Date: Fri, 17 Apr 2026 17:42:45 GMT
Content-Type: application/json; charset=utf-8
Transfer-Encoding: chunked
Connection: keep-alive
Cache-Control: max-age=0, private, must-revalidate
etag: W/"6d637441bfe1cb884c6c8db458a4f174"
feature-policy: camera 'none'; gyroscope 'none'; microphone 'none'; usb 'none'; fullscreen 'self'
referrer-policy: strict-origin-when-cross-origin
vary: Origin
x-content-type-options: nosniff
x-download-options: noopen
x-frame-options: SAMEORIGIN
x-permitted-cross-domain-policies: none
x-ratelimit-limit: 90
x-ratelimit-remaining: 89
x-ratelimit-reset: 1
x-request-id: 8576bc45-7c2f-4528-9203-8a0622edf614
x-runtime: 0.088166
x-xss-protection: 0
Nel: {"report_to":"cf-nel","success_fraction":0.0,"max_age":604800}
cf-cache-status: DYNAMIC
Report-To: {"group":"cf-nel","max_age":604800,"endpoints":[{"url":"https://a.nel.cloudflare.com/report/v4?s=AokfLFeQ4EWTgMfkP5myfhSvrcmIEAIYKrJvtanogHNtIr9CohmCoauBy6HoR33jz9exGlvgF6YQ1WqpwOrKBf45A%2FGlvU4XQ2eXZ5IfvXFVFZFThg9b5JSsPb1x%2B8Q%3D"}]}
Content-Encoding: gzip
Server: cloudflare
CF-RAY: 9edd3a63dbf10d3a-DFW
alt-svc: h3=":443"; ma=86400

{
    "name": "Updated Ivory",
    "status": "inactive",
    "id": 8440949,
    "email": "test_88e18e5d@mailtest.com",
    "gender": "male"
}
✅ [Paso 3] Usuario actualizado a: Updated Ivory
]]></system-out>
  </testcase>
  <testcase name="step4_confirmUpdate" classname="com.api.tests.integration.UserIntegrationTests" time="0.783">
    <system-out><![CDATA[Request method:	GET
Request URI:	https://gorest.co.in/public/v2/users/8440949
Proxy:			<none>
Request params:	<none>
Query params:	<none>
Form params:	<none>
Path params:	id=8440949
Headers:		Authorization=Bearer 7471d879a4a6bc93dee54c7c21a92554756b101c336de78e60b7e9e74b5e9416
				Accept=*/*
				Content-Type=application/json
Cookies:		<none>
Multiparts:		<none>
Body:			<none>
HTTP/1.1 200 OK
Date: Fri, 17 Apr 2026 17:42:46 GMT
Content-Type: application/json; charset=utf-8
Transfer-Encoding: chunked
Connection: keep-alive
Cache-Control: max-age=0, private, must-revalidate
etag: W/"1cbf72972ab9bf4e80cee903e4a8ac3b"
feature-policy: camera 'none'; gyroscope 'none'; microphone 'none'; usb 'none'; fullscreen 'self'
referrer-policy: strict-origin-when-cross-origin
vary: Origin
x-content-type-options: nosniff
x-download-options: noopen
x-frame-options: SAMEORIGIN
x-permitted-cross-domain-policies: none
x-ratelimit-limit: 90
x-ratelimit-remaining: 89
x-ratelimit-reset: 1
x-request-id: 58832a86-c7d1-472b-9101-1a501e0192ec
x-runtime: 0.066234
x-xss-protection: 0
Nel: {"report_to":"cf-nel","success_fraction":0.0,"max_age":604800}
cf-cache-status: DYNAMIC
Report-To: {"group":"cf-nel","max_age":604800,"endpoints":[{"url":"https://a.nel.cloudflare.com/report/v4?s=vHF0HLzXKamkUsisprn2bc5VENIxJvTAm7VelroOqQlk9znxJ3mjjYUdyBlQsbJ0dmdtOiN5q8KJAD%2FOpUx6%2B3bob%2BUuXiku%2B6V7BXgJG2Y27XhpcI511Z5%2BtcdqjUA%3D"}]}
Content-Encoding: gzip
Server: cloudflare
CF-RAY: 9edd3a68df982707-DFW
alt-svc: h3=":443"; ma=86400

{
    "id": 8440949,
    "name": "Updated Ivory",
    "email": "test_88e18e5d@mailtest.com",
    "gender": "male",
    "status": "inactive"
}
✅ [Paso 4] Actualización confirmada. Status: inactive
]]></system-out>
  </testcase>
  <testcase name="step5_deleteUser" classname="com.api.tests.integration.UserIntegrationTests" time="0.786">
    <system-out><![CDATA[Request method:	DELETE
Request URI:	https://gorest.co.in/public/v2/users/8440949
Proxy:			<none>
Request params:	<none>
Query params:	<none>
Form params:	<none>
Path params:	id=8440949
Headers:		Authorization=Bearer 7471d879a4a6bc93dee54c7c21a92554756b101c336de78e60b7e9e74b5e9416
				Accept=*/*
				Content-Type=application/json
Cookies:		<none>
Multiparts:		<none>
Body:			<none>
HTTP/1.1 204 No Content
Date: Fri, 17 Apr 2026 17:42:47 GMT
Connection: keep-alive
Cache-Control: no-cache
feature-policy: camera 'none'; gyroscope 'none'; microphone 'none'; usb 'none'; fullscreen 'self'
referrer-policy: strict-origin-when-cross-origin
vary: Origin
x-content-type-options: nosniff
x-download-options: noopen
x-frame-options: SAMEORIGIN
x-permitted-cross-domain-policies: none
x-ratelimit-limit: 90
x-ratelimit-remaining: 89
x-ratelimit-reset: 1
x-request-id: 3fe72c34-3d14-4cab-aa44-5eadb47c4ba8
x-runtime: 0.105835
x-xss-protection: 0
cf-cache-status: DYNAMIC
Nel: {"report_to":"cf-nel","success_fraction":0.0,"max_age":604800}
Report-To: {"group":"cf-nel","max_age":604800,"endpoints":[{"url":"https://a.nel.cloudflare.com/report/v4?s=fWkxH0GchYWzuknRed7Utn57k644yN8qIyy2S%2BIZCWfhRxcPJ0otvvFxTRi6aO%2FVd8kaxAQHWGXZnreJ%2FXsMLRfnUaF%2FlPNCwvvZd2NSx4%2BYNQ%2B%2Fjovw057k%2FVUulcA%3D"}]}
Server: cloudflare
CF-RAY: 9edd3a6dfdf1b815-DFW
alt-svc: h3=":443"; ma=86400
✅ [Paso 5] Usuario eliminado con ID: 8440949
]]></system-out>
  </testcase>
  <testcase name="step6_confirmDeletion" classname="com.api.tests.integration.UserIntegrationTests" time="0.636">
    <system-out><![CDATA[Request method:	GET
Request URI:	https://gorest.co.in/public/v2/users/8440949
Proxy:			<none>
Request params:	<none>
Query params:	<none>
Form params:	<none>
Path params:	id=8440949
Headers:		Authorization=Bearer 7471d879a4a6bc93dee54c7c21a92554756b101c336de78e60b7e9e74b5e9416
				Accept=*/*
				Content-Type=application/json
Cookies:		<none>
Multiparts:		<none>
Body:			<none>
HTTP/1.1 404 Not Found
Date: Fri, 17 Apr 2026 17:42:47 GMT
Content-Type: application/json; charset=utf-8
Content-Length: 32
Connection: keep-alive
Cache-Control: no-cache
feature-policy: camera 'none'; gyroscope 'none'; microphone 'none'; usb 'none'; fullscreen 'self'
referrer-policy: strict-origin-when-cross-origin
vary: Origin
x-content-type-options: nosniff
x-download-options: noopen
x-frame-options: SAMEORIGIN
x-permitted-cross-domain-policies: none
x-ratelimit-limit: 90
x-ratelimit-remaining: 89
x-ratelimit-reset: 1
x-request-id: c4afc49c-fb01-47e1-84c8-9fa35c67827b
x-runtime: 0.051619
x-xss-protection: 0
Nel: {"report_to":"cf-nel","success_fraction":0.0,"max_age":604800}
cf-cache-status: DYNAMIC
Report-To: {"group":"cf-nel","max_age":604800,"endpoints":[{"url":"https://a.nel.cloudflare.com/report/v4?s=h2PG3s5wp%2FP65Cmn%2BM0g2CYmxUxpeZ7evPlvC76JxcfjholngIRMkHZ%2FK2XDHR7jW9M%2FbWLSZMNgsaJ69NggkPObuXJhidoWPQeydvsw5ohzQ%2BK%2FzwksyWRR759nq3s%3D"}]}
Server: cloudflare
CF-RAY: 9edd3a726cdc1dca-DFW
alt-svc: h3=":443"; ma=86400

{
    "message": "Resource not found"
}
✅ [Paso 6] Eliminación confirmada. ID 8440949 ya no existe.
🎉 Flujo de integración completo exitosamente.
]]></system-out>
  </testcase>
</testsuite>