<?xml version="1.0" encoding="UTF-8"?>
<!-- Generated by org.testng.reporters.JUnitReportReporter -->
<testsuite hostname="Ernesto" failures="0" tests="4" name="com.api.tests.auth.AuthTests" time="10.496" errors="0" timestamp="2026-04-17T11:09:16 CST" skipped="0">
  <testcase classname="com.api.tests.auth.AuthTests" name="invalidToken_shouldReturn401" time="5.855"/>
  <testcase classname="com.api.tests.auth.AuthTests" name="validToken_shouldReturn200" time="1.346"/>
  <testcase classname="com.api.tests.auth.AuthTests" name="noToken_shouldReturn401" time="2.182"/>
  <testcase classname="com.api.tests.auth.AuthTests" name="postWithoutToken_shouldReturn401" time="1.113"/>
</testsuite> <!-- com.api.tests.auth.AuthTests -->
