<?xml version="1.0" encoding="UTF-8"?>
<!-- Generated by org.testng.reporters.JUnitReportReporter -->
<testsuite hostname="Ernesto" failures="0" tests="9" name="com.api.tests.users.UserCrudTests" time="16.068" errors="0" timestamp="2026-04-17T08:04:42 CST" skipped="0">
  <testcase classname="com.api.tests.users.UserCrudTests" name="deleteUser_withValidId_shouldReturn204" time="2.127"/>
  <testcase classname="com.api.tests.users.UserCrudTests" name="patchUser_shouldReturn200" time="2.346"/>
  <testcase classname="com.api.tests.users.UserCrudTests" name="createUser_withValidData_shouldReturn201" time="1.739"/>
  <testcase classname="com.api.tests.users.UserCrudTests" name="deleteNonExistentUser_shouldReturn404" time="0.816"/>
  <testcase classname="com.api.tests.users.UserCrudTests" name="createFemaleUser_shouldReturn201" time="2.053"/>
  <testcase classname="com.api.tests.users.UserCrudTests" name="getUserById_withNonExistentId_shouldReturn404" time="0.850"/>
  <testcase classname="com.api.tests.users.UserCrudTests" name="getUserById_withValidId_shouldReturn200" time="2.439"/>
  <testcase classname="com.api.tests.users.UserCrudTests" name="updateUser_withValidData_shouldReturn200" time="2.357"/>
  <testcase classname="com.api.tests.users.UserCrudTests" name="getUsers_shouldReturn200WithList" time="1.341"/>
</testsuite> <!-- com.api.tests.users.UserCrudTests -->
