<?xml version="1.0" encoding="UTF-8"?>
<!-- Generated by org.testng.reporters.JUnitReportReporter -->
<testsuite hostname="Ernesto" failures="0" tests="5" name="com.api.tests.schema.SchemaValidationTests" time="12.023" errors="0" timestamp="2026-04-17T08:04:42 CST" skipped="0">
  <testcase classname="com.api.tests.schema.SchemaValidationTests" name="getUser_responseShouldMatchSchema" time="3.170"/>
  <testcase classname="com.api.tests.schema.SchemaValidationTests" name="updateUser_responseShouldMatchSchema" time="2.848"/>
  <testcase classname="com.api.tests.schema.SchemaValidationTests" name="createUser_responseShouldMatchSchema" time="2.479"/>
  <testcase classname="com.api.tests.schema.SchemaValidationTests" name="createUser_shouldContainAllRequiredFields" time="1.580"/>
  <testcase classname="com.api.tests.schema.SchemaValidationTests" name="createUser_shouldHaveCorrectDataTypes" time="1.946"/>
</testsuite> <!-- com.api.tests.schema.SchemaValidationTests -->
