<?xml version="1.0" encoding="UTF-8"?>
<!-- Generated by org.testng.reporters.JUnitReportReporter -->
<testsuite hostname="Ernesto" failures="0" tests="6" name="com.api.tests.integration.UserIntegrationTests" time="4.348" errors="0" timestamp="2026-04-17T11:09:16 CST" skipped="0">
  <testcase classname="com.api.tests.integration.UserIntegrationTests" name="step3_updateUser" time="0.810"/>
  <testcase classname="com.api.tests.integration.UserIntegrationTests" name="step5_deleteUser" time="0.694"/>
  <testcase classname="com.api.tests.integration.UserIntegrationTests" name="step4_confirmUpdate" time="0.715"/>
  <testcase classname="com.api.tests.integration.UserIntegrationTests" name="step6_confirmDeletion" time="0.594"/>
  <testcase classname="com.api.tests.integration.UserIntegrationTests" name="step1_createUser" time="0.736"/>
  <testcase classname="com.api.tests.integration.UserIntegrationTests" name="step2_getAndValidateCreatedUser" time="0.799"/>
</testsuite> <!-- com.api.tests.integration.UserIntegrationTests -->
