<?xml version="1.0" encoding="UTF-8"?>
<!-- Generated by org.testng.reporters.JUnitReportReporter -->
<testsuite hostname="Ernesto" failures="0" tests="5" name="com.api.tests.schema.SchemaValidationTests" time="9.993" errors="0" timestamp="2026-04-17T11:42:54 CST" skipped="0">
  <testcase classname="com.api.tests.schema.SchemaValidationTests" name="createUser_shouldContainAllRequiredFields" time="1.549"/>
  <testcase classname="com.api.tests.schema.SchemaValidationTests" name="updateUser_responseShouldMatchSchema" time="2.350"/>
  <testcase classname="com.api.tests.schema.SchemaValidationTests" name="getUser_responseShouldMatchSchema" time="2.042"/>
  <testcase classname="com.api.tests.schema.SchemaValidationTests" name="createUser_responseShouldMatchSchema" time="2.520"/>
  <testcase classname="com.api.tests.schema.SchemaValidationTests" name="createUser_shouldHaveCorrectDataTypes" time="1.532"/>
</testsuite> <!-- com.api.tests.schema.SchemaValidationTests -->
