<?xml version="1.0" encoding="UTF-8"?>
<!-- Generated by org.testng.reporters.JUnitReportReporter -->
<testsuite hostname="Ernesto" failures="0" tests="8" name="com.api.tests.users.NegativeUserTests" time="7.763" errors="0" timestamp="2026-04-17T08:04:42 CST" skipped="0">
  <testcase classname="com.api.tests.users.NegativeUserTests" name="createUser_withEmptyBody_shouldReturn422" time="0.577"/>
  <testcase classname="com.api.tests.users.NegativeUserTests" name="createUser_withoutEmail_shouldReturn422" time="0.720"/>
  <testcase classname="com.api.tests.users.NegativeUserTests" name="createUser_withDuplicateEmail_shouldReturn422" time="2.260"/>
  <testcase classname="com.api.tests.users.NegativeUserTests" name="createUser_withoutToken_shouldReturn401" time="0.694"/>
  <testcase classname="com.api.tests.users.NegativeUserTests" name="getUser_nonExistentId_shouldReturn404" time="0.825"/>
  <testcase classname="com.api.tests.users.NegativeUserTests" name="createUser_withoutName_shouldReturn422" time="0.705"/>
  <testcase classname="com.api.tests.users.NegativeUserTests" name="createUser_withInvalidGender_shouldReturn422" time="0.770"/>
  <testcase classname="com.api.tests.users.NegativeUserTests" name="updateUser_nonExistentId_shouldReturn404" time="1.212"/>
</testsuite> <!-- com.api.tests.users.NegativeUserTests -->
