<?xml version="1.0" encoding="UTF-8"?>
<!-- Generated by org.testng.reporters.JUnitReportReporter -->
<testsuite hostname="Ernesto" failures="0" tests="9" name="com.api.tests.users.UserCrudTests" time="15.756" errors="0" timestamp="2026-04-17T11:42:54 CST" skipped="0">
  <testcase classname="com.api.tests.users.UserCrudTests" name="getUserById_withValidId_shouldReturn200" time="2.100"/>
  <testcase classname="com.api.tests.users.UserCrudTests" name="patchUser_shouldReturn200" time="2.251"/>
  <testcase classname="com.api.tests.users.UserCrudTests" name="getUserById_withNonExistentId_shouldReturn404" time="0.720"/>
  <testcase classname="com.api.tests.users.UserCrudTests" name="updateUser_withValidData_shouldReturn200" time="2.767"/>
  <testcase classname="com.api.tests.users.UserCrudTests" name="createFemaleUser_shouldReturn201" time="2.080"/>
  <testcase classname="com.api.tests.users.UserCrudTests" name="deleteNonExistentUser_shouldReturn404" time="1.223"/>
  <testcase classname="com.api.tests.users.UserCrudTests" name="getUsers_shouldReturn200WithList" time="0.755"/>
  <testcase classname="com.api.tests.users.UserCrudTests" name="deleteUser_withValidId_shouldReturn204" time="1.732"/>
  <testcase classname="com.api.tests.users.UserCrudTests" name="createUser_withValidData_shouldReturn201" time="2.128"/>
</testsuite> <!-- com.api.tests.users.UserCrudTests -->
