<?xml version="1.0" encoding="UTF-8"?>
<!-- Generated by org.testng.reporters.JUnitReportReporter -->
<testsuite hostname="Ernesto" failures="0" tests="4" name="com.api.tests.auth.AuthTests" time="9.538" errors="0" timestamp="2026-04-17T08:04:42 CST" skipped="0">
  <testcase classname="com.api.tests.auth.AuthTests" name="postWithoutToken_shouldReturn401" time="0.774"/>
  <testcase classname="com.api.tests.auth.AuthTests" name="validToken_shouldReturn200" time="0.655"/>
  <testcase classname="com.api.tests.auth.AuthTests" name="noToken_shouldReturn401" time="2.340"/>
  <testcase classname="com.api.tests.auth.AuthTests" name="invalidToken_shouldReturn401" time="5.769"/>
</testsuite> <!-- com.api.tests.auth.AuthTests -->
